{
  message: 'Зашли на страницу с регистрацией',
  level: 'info',
  timestamp: '2024-02-12T07:11:35.681Z'
}
{
  message: 'Сервер запущен на порту 3000',
  level: 'info',
  timestamp: '2024-02-12T07:12:16.297Z'
}
{
  message: 'Зашли на страницу с логином',
  level: 'info',
  timestamp: '2024-02-12T07:12:23.113Z'
}
{
  message: 'Сервер запущен на порту 3000',
  level: 'info',
  timestamp: '2024-02-12T07:13:05.239Z'
}
{
  message: 'Зашли на страницу edit post',
  level: 'info',
  timestamp: '2024-02-12T07:13:41.322Z'
}
{
  message: 'Сервер запущен на порту 3000',
  level: 'info',
  timestamp: '2024-02-19T06:10:33.591Z'
}
{
  message: 'Сервер запущен на порту 3000',
  level: 'info',
  timestamp: '2024-02-19T07:51:05.608Z'
}
{
  message: 'Зашли на страницу с регистрацией',
  level: 'info',
  timestamp: '2024-02-19T07:51:14.577Z'
}
{
  message: 'Сервер запущен на порту 3000',
  level: 'info',
  timestamp: '2024-02-19T07:52:26.664Z'
}
{
  message: 'Сервер запущен на порту 3000',
  level: 'info',
  timestamp: '2024-02-19T07:52:34.801Z'
}
{
  message: 'Сервер запущен на порту 3000',
  level: 'info',
  timestamp: '2024-02-19T07:52:59.723Z'
}
{
  message: 'Зашли на страницу с логином',
  level: 'info',
  timestamp: '2024-02-19T07:53:01.967Z'
}
{
  message: 'Зашли на страницу с регистрацией',
  level: 'info',
  timestamp: '2024-02-19T07:53:03.847Z'
}
{
  message: 'Сервер запущен на порту 3000',
  level: 'info',
  timestamp: '2024-02-19T07:54:26.332Z'
}
{
  message: 'Зашли на страницу с логином',
  level: 'info',
  timestamp: '2024-02-19T07:54:33.989Z'
}
{
  message: 'Зашли на страницу с регистрацией',
  level: 'info',
  timestamp: '2024-02-19T07:54:35.765Z'
}
{
  message: 'Token подготовлен eyJhbGciOiJIUzI1NiIsInR5cCI6IkpXVCJ9.eyJuYW1lIjoicXd2ZTEzNDU0IiwiaWF0IjoxNzA4MzI5Mjg2LCJleHAiOjE3MDgzMzI4ODZ9.Ll8dh1sYUPeQVTb5IFuIVKjPjEw6zftQCvXdu6QdPFU',
  level: 'info',
  timestamp: '2024-02-19T07:54:46.579Z'
}
{
  message: 'Сервер запущен на порту 3000',
  level: 'info',
  timestamp: '2024-02-26T07:54:49.153Z'
}
{
  message: 'Сервер запущен на порту 3000',
  level: 'info',
  timestamp: '2024-02-26T08:00:48.207Z'
}
{
  message: 'Сервер запущен на порту 3000',
  level: 'info',
  timestamp: '2024-02-26T08:04:40.882Z'
}
{
  message: 'Сервер запущен на порту 3000',
  level: 'info',
  timestamp: '2024-02-26T08:05:18.397Z'
}
{
  message: 'Сервер запущен на порту 3000',
  level: 'info',
  timestamp: '2024-02-26T08:05:57.097Z'
}
{
  message: 'Зашли на страницу с регистрацией',
  level: 'info',
  timestamp: '2024-02-26T08:06:09.937Z'
}
{
  message: 'Сервер запущен на порту 3000',
  level: 'info',
  timestamp: '2024-02-26T08:09:43.959Z'
}
{
  message: 'Сервер запущен на порту 3000',
  level: 'info',
  timestamp: '2024-02-26T08:10:36.274Z'
}
{
  message: 'Зашли на страницу с регистрацией',
  level: 'info',
  timestamp: '2024-02-26T08:10:56.001Z'
}
{
  message: 'Сервер запущен на порту 3000',
  level: 'info',
  timestamp: '2024-02-26T08:11:30.610Z'
}
{
  message: 'Сервер запущен на порту 3000',
  level: 'info',
  timestamp: '2024-02-26T08:11:45.582Z'
}
{
  message: 'Сервер запущен на порту 3000',
  level: 'info',
  timestamp: '2024-02-26T08:13:05.952Z'
}
{
  message: 'Сервер запущен на порту 3000',
  level: 'info',
  timestamp: '2024-02-26T08:13:32.003Z'
}
{
  message: 'Сервер запущен на порту 3000',
  level: 'info',
  timestamp: '2024-02-26T08:14:38.536Z'
}
{
  message: 'Сервер запущен на порту 3000',
  level: 'info',
  timestamp: '2024-02-26T08:16:03.342Z'
}
{
  message: 'Сервер запущен на порту 3000',
  level: 'info',
  timestamp: '2024-02-26T08:25:55.685Z'
}
{
  message: 'Сервер запущен на порту  + port',
  level: 'info',
  timestamp: '2024-02-26T08:29:10.423Z'
}
{
  message: 'Сервер запущен на порту 3000',
  level: 'info',
  timestamp: '2024-02-26T08:29:47.840Z'
}
{
  message: 'Сервер запущен на порту 3000',
  level: 'info',
  timestamp: '2024-02-26T08:30:16.441Z'
}
{
  message: 'Сервер запущен на порту 3000',
  level: 'info',
  timestamp: '2024-02-26T08:30:42.184Z'
}
{
  message: 'Сервер запущен на порту 3000',
  level: 'info',
  timestamp: '2024-02-26T08:31:22.109Z'
}
{
  message: 'Сервер запущен на порту 3000',
  level: 'info',
  timestamp: '2024-02-26T08:31:51.075Z'
}
{
  message: 'Токен подготовлен: eyJhbGciOiJIUzI1NiIsInR5cCI6IkpXVCJ9.eyJuYW1lIjoid2VyYndlcmJ3ZXIxMyIsImlhdCI6MTcwODkzNjMyMSwiZXhwIjoxNzA4OTM5OTIxfQ.2VS7_WReET3PkOairP9_I_dMaSVtK2Z_yg85k1cnqe0',
  level: 'info',
  timestamp: '2024-02-26T08:32:01.581Z'
}
{
  message: 'Token подготовка :eyJhbGciOiJIUzI1NiIsInR5cCI6IkpXVCJ9.eyJpYXQiOjE3MDg5MzYzMzQsImV4cCI6MTcwODkzOTkzNH0.MOTLmuErMTuuO8jA5e8bLSEedoENqSuMjJbAkJFMzeA',
  level: 'info',
  timestamp: '2024-02-26T08:32:14.892Z'
}
{
  message: 'Зашли на страницу edit post',
  level: 'info',
  timestamp: '2024-02-26T08:32:28.696Z'
}
{
  message: 'Зашли на страницу edit post',
  level: 'info',
  timestamp: '2024-02-26T08:33:06.942Z'
}
{
  message: 'Сервер запущен на порту 3000',
  level: 'info',
  timestamp: '2024-02-26T08:37:11.144Z'
}
{
  message: 'Сервер запущен на порту 3000',
  level: 'info',
  timestamp: '2024-02-26T08:37:20.074Z'
}
{
  message: 'Сервер запущен на порту 3000',
  level: 'info',
  timestamp: '2024-02-26T08:37:32.159Z'
}
{
  message: 'Токен подготовлен: eyJhbGciOiJIUzI1NiIsInR5cCI6IkpXVCJ9.eyJuYW1lIjoicmVidHJ3YnJld2IiLCJpYXQiOjE3MDg5MzY2NzMsImV4cCI6MTcwODk0MDI3M30._2jet6dLUSLJOgatsldVrFK9VJqFoVq8tcw04NX5OFc',
  level: 'info',
  timestamp: '2024-02-26T08:37:53.171Z'
}
{
  message: 'Сервер запущен на порту 3000',
  level: 'info',
  timestamp: '2024-02-26T08:45:51.229Z'
}
{
  message: 'Токен подготовлен: eyJhbGciOiJIUzI1NiIsInR5cCI6IkpXVCJ9.eyJuYW1lIjoicXdldnZ3ZXF2cWV3dyIsImlhdCI6MTcwODkzNzE2NCwiZXhwIjoxNzA4OTQwNzY0fQ.bYGy0stKVo_1Qm1-Gejf7i6-zOOzgbaigyQl3nfXUAc',
  level: 'info',
  timestamp: '2024-02-26T08:46:04.517Z'
}
{
  message: 'Токен подготовлен: eyJhbGciOiJIUzI1NiIsInR5cCI6IkpXVCJ9.eyJuYW1lIjoicXdldmVxd3YiLCJpYXQiOjE3MDg5MzcyMDMsImV4cCI6MTcwODk0MDgwM30.F4W9nVYDz12MP43TcgR0Qu75vOhJzsVBSYRjJcBbnTc',
  level: 'info',
  timestamp: '2024-02-26T08:46:43.576Z'
}
{
  message: 'Сервер запущен на порту 3000',
  level: 'info',
  timestamp: '2024-02-26T10:13:06.581Z'
}
{
  message: 'Сервер запущен на порту 3000',
  level: 'info',
  timestamp: '2024-02-26T10:17:58.692Z'
}
{
  message: 'Сервер запущен на порту 3000',
  level: 'info',
  timestamp: '2024-03-05T06:32:28.641Z'
}
{
  message: 'Сервер запущен на порту 34',
  level: 'info',
  timestamp: '2024-03-05T06:33:03.031Z'
}
{
  message: 'Сервер запущен на порту 3000',
  level: 'info',
  timestamp: '2024-03-05T06:33:40.101Z'
}
{
  message: 'Имя или пароль неверный',
  level: 'error',
  timestamp: '2024-03-05T06:33:49.745Z'
}
{
  message: 'Токен подготовлен: eyJhbGciOiJIUzI1NiIsInR5cCI6IkpXVCJ9.eyJuYW1lIjoid2VyYndlcmJ3ZXIiLCJpYXQiOjE3MDk2MjA0NDEsImV4cCI6MTcwOTYyNDA0MX0.Osq-itDuWdNPfVhFU4fRuP12PBf51bzrpzmI3pHjt_k',
  level: 'info',
  timestamp: '2024-03-05T06:34:01.056Z'
}
{
  message: 'Сервер запущен на порту 3000',
  level: 'info',
  timestamp: '2024-03-05T06:35:04.698Z'
}
{
  message: 'Token подготовка :eyJhbGciOiJIUzI1NiIsInR5cCI6IkpXVCJ9.eyJpYXQiOjE3MDk2MjA1MTMsImV4cCI6MTcwOTYyNDExM30.I1jkyY82Rahj7slO0btYRE2TCRD3AfnP0rsUVkleAzU',
  level: 'info',
  timestamp: '2024-03-05T06:35:13.853Z'
}
{
  message: 'Сервер запущен на порту 3000',
  level: 'info',
  timestamp: '2024-03-05T06:40:40.384Z'
}
{
  message: 'Token подготовка :eyJhbGciOiJIUzI1NiIsInR5cCI6IkpXVCJ9.eyJpYXQiOjE3MDk2MjA4NTEsImV4cCI6MTcwOTYyNDQ1MX0.9REIf9MlkheNZINnbmJQwwcL3F_Kd2OsecLCDjyBDAk',
  level: 'info',
  timestamp: '2024-03-05T06:40:51.325Z'
}
{
  message: 'Token not accepted',
  level: 'info',
  timestamp: '2024-03-05T06:40:53.899Z'
}
{
  message: 'Сервер запущен на порту 3000',
  level: 'info',
  timestamp: '2024-03-05T06:42:40.100Z'
}
{
  message: 'Пользователь зашёл на страницу логина',
  level: 'info',
  timestamp: '2024-03-05T06:42:49.766Z'
}
{
  message: 'Сервер запущен на порту 3000',
  level: 'info',
  timestamp: '2024-03-05T06:43:33.486Z'
}
{
  message: 'Пользователь зашёл на страницу логина',
  level: 'info',
  timestamp: '2024-03-05T06:43:35.366Z'
}
{
  message: 'Сервер запущен на порту 3000',
  level: 'info',
  timestamp: '2024-03-05T06:44:12.090Z'
}
{
  message: 'Сервер запущен на порту 3000',
  level: 'info',
  timestamp: '2024-03-05T06:44:39.085Z'
}
{
  message: 'Token подготовка :eyJhbGciOiJIUzI1NiIsInR5cCI6IkpXVCJ9.eyJpYXQiOjE3MDk2MjEwODEsImV4cCI6MTcwOTYyNDY4MX0.NhVGJGqpMPP86bbZKPCIgux3Irmxe3pva1l5147d5mg',
  level: 'info',
  timestamp: '2024-03-05T06:44:41.718Z'
}
{
  message: 'Сервер запущен на порту 3000',
  level: 'info',
  timestamp: '2024-03-05T06:49:46.371Z'
}
{
  message: 'Сервер запущен на порту 3000',
  level: 'info',
  timestamp: '2024-03-05T06:50:40.981Z'
}
{
  message: 'Сервер запущен на порту 3000',
  level: 'info',
  timestamp: '2024-03-05T06:51:07.283Z'
}
{
  message: 'Сервер запущен на порту 3000',
  level: 'info',
  timestamp: '2024-03-05T06:52:21.259Z'
}
{
  message: 'Сервер запущен на порту 3000',
  level: 'info',
  timestamp: '2024-03-05T06:53:33.745Z'
}
{
  message: 'Сервер запущен на порту 3000',
  level: 'info',
  timestamp: '2024-03-05T06:55:25.184Z'
}
{
  message: 'Сервер запущен на порту 3000',
  level: 'info',
  timestamp: '2024-03-05T06:55:41.631Z'
}
{
  message: 'Сервер запущен на порту 3000',
  level: 'info',
  timestamp: '2024-03-05T07:00:18.158Z'
}
{
  message: 'Сервер запущен на порту 3000',
  level: 'info',
  timestamp: '2024-03-05T07:00:21.313Z'
}
{
  message: 'Token подготовка :eyJhbGciOiJIUzI1NiIsInR5cCI6IkpXVCJ9.eyJuYW1lIjoiMzViYXJkYWV2QGdtYWlsLmNvbSIsImlhdCI6MTcwOTYyMjAyNiwiZXhwIjoxNzA5NjI3MDI2fQ.PivHgEgXfsPTy35rpgQeI0EKINv2EuVpklFsVQbuTv0',
  level: 'info',
  timestamp: '2024-03-05T07:00:26.461Z'
}
{
  message: 'Token accepted successfully',
  level: 'info',
  timestamp: '2024-03-05T07:00:30.423Z'
}
{
  message: 'Сервер запущен на порту 3000',
  level: 'info',
  timestamp: '2024-03-05T08:16:32.133Z'
}
{
  message: 'Сервер запущен на порту 3000',
  level: 'info',
  timestamp: '2024-03-05T08:18:43.383Z'
}
{
  message: 'Сервер запущен на порту 3000',
  level: 'info',
  timestamp: '2024-03-05T08:19:33.415Z'
}
{
  message: 'Сервер запущен на порту 3000',
  level: 'info',
  timestamp: '2024-03-05T08:23:05.676Z'
}
{
  message: 'Сервер запущен на порту 3000',
  level: 'info',
  timestamp: '2024-03-05T08:31:20.947Z'
}
{
  message: 'Сервер запущен на порту 3000',
  level: 'info',
  timestamp: '2024-03-05T08:31:31.317Z'
}
{
  message: 'Сервер запущен на порту 3000',
  level: 'info',
  timestamp: '2024-03-11T06:04:20.633Z'
}
{
  message: 'Сервер запущен на порту 3000',
  level: 'info',
  timestamp: '2024-03-11T06:22:34.365Z'
}
{
  message: 'Сервер запущен на порту 3000',
  level: 'info',
  timestamp: '2024-03-11T06:34:41.490Z'
}
{
  message: 'Сервер запущен на порту 3000',
  level: 'info',
  timestamp: '2024-03-11T06:35:25.232Z'
}
{
  message: 'Сервер запущен на порту 3000',
  level: 'info',
  timestamp: '2024-03-11T06:36:13.701Z'
}
{
  message: 'Сервер запущен на порту 3000',
  level: 'info',
  timestamp: '2024-03-11T06:36:17.751Z'
}
{
  message: 'Сервер запущен на порту 3000',
  level: 'info',
  timestamp: '2024-03-11T06:57:15.374Z'
}
{
  message: 'Получили профиль от Yandex [object Object]',
  level: 'info',
  timestamp: '2024-03-11T06:57:18.788Z'
}
{
  message: 'Получили профиль от Yandex [object Object]',
  level: 'info',
  timestamp: '2024-03-11T06:57:37.036Z'
}
{
  message: 'Получили профиль от Yandex [object Object]',
  level: 'info',
  timestamp: '2024-03-11T06:58:51.288Z'
}
{
  message: 'Получили профиль от Yandex [object Object]',
  level: 'info',
  timestamp: '2024-03-11T07:00:53.702Z'
}
{
  message: 'Получили профиль от Yandex [object Object]',
  level: 'info',
  timestamp: '2024-03-11T07:07:12.552Z'
}
{
  message: 'Сервер запущен на порту 3000',
  level: 'info',
  timestamp: '2024-03-11T08:48:15.523Z'
}
{
  message: 'Сервер запущен на порту 3000',
  level: 'info',
  timestamp: '2024-03-11T08:49:58.173Z'
}
{
  message: 'Сервер запущен на порту 3000',
  level: 'info',
  timestamp: '2024-03-11T08:50:15.405Z'
}
{
  message: 'Сервер запущен на порту 3000',
  level: 'info',
  timestamp: '2024-03-11T18:02:15.698Z'
}
{
  message: 'Получили профиль от Yandex [object Object]',
  level: 'info',
  timestamp: '2024-03-11T18:02:28.303Z'
}
{
  message: 'Сервер запущен на порту 3000',
  level: 'info',
  timestamp: '2024-03-11T18:11:57.626Z'
}
{
  message: 'Получили профиль от Yandex [object Object]',
  level: 'info',
  timestamp: '2024-03-11T18:12:07.836Z'
}
{
  message: 'Сервер запущен на порту 3000',
  level: 'info',
  timestamp: '2024-03-12T06:01:58.350Z'
}
{
  message: 'Получили профиль от Yandex [object Object]',
  level: 'info',
  timestamp: '2024-03-12T06:02:14.838Z'
}
{
  message: 'Получили профиль от Yandex [object Object]',
  level: 'info',
  timestamp: '2024-03-12T06:08:41.550Z'
}
{
  message: 'Сервер запущен на порту 3000',
  level: 'info',
  timestamp: '2024-03-12T06:21:15.621Z'
}
{
  message: 'Получили профиль от Yandex [object Object]',
  level: 'info',
  timestamp: '2024-03-12T06:46:40.803Z'
}
{
  message: 'Получили профиль от Yandex [object Object]',
  level: 'info',
  timestamp: '2024-03-12T06:52:31.349Z'
}
{
  message: 'Получили профиль от Yandex [object Object]',
  level: 'info',
  timestamp: '2024-03-12T06:52:41.181Z'
}
{
  message: 'Сервер запущен на порту 3000',
  level: 'info',
  timestamp: '2024-03-12T07:09:19.942Z'
}
{
  message: 'Сервер запущен на порту 3000',
  level: 'info',
  timestamp: '2024-03-12T07:09:28.571Z'
}
{
  message: 'Сервер запущен на порту 3000',
  level: 'info',
  timestamp: '2024-03-12T08:18:34.740Z'
}
{
  message: "development 404 Could't get path",
  level: 'error',
  timestamp: '2024-03-12T08:39:40.189Z'
}
{
  message: "development 404 Could't get path",
  level: 'error',
  timestamp: '2024-03-12T08:39:40.195Z'
}
{
  message: "development 404 Could't get path",
  level: 'error',
  timestamp: '2024-03-12T08:39:40.419Z'
}
{
  message: "development 404 Could't get path",
  level: 'error',
  timestamp: '2024-03-12T08:39:40.434Z'
}
{
  message: "development 404 Could't get path",
  level: 'error',
  timestamp: '2024-03-12T08:39:43.280Z'
}
{
  message: "development 404 Could't get path",
  level: 'error',
  timestamp: '2024-03-12T08:39:43.282Z'
}
{
  message: "development 404 Could't get path",
  level: 'error',
  timestamp: '2024-03-12T08:39:43.284Z'
}
{
  message: "development 404 Could't get path",
  level: 'error',
  timestamp: '2024-03-12T08:39:43.285Z'
}
{
  message: "development 404 Could't get path",
  level: 'error',
  timestamp: '2024-03-12T08:39:50.436Z'
}
{
  message: "development 404 Could't get path",
  level: 'error',
  timestamp: '2024-03-12T08:39:50.446Z'
}
{
  message: "development 404 Could't get path",
  level: 'error',
  timestamp: '2024-03-12T08:39:50.450Z'
}
{
  message: "development 404 Could't get path",
  level: 'error',
  timestamp: '2024-03-12T08:39:50.469Z'
}
{
  message: 'Сервер запущен на порту 3000',
  level: 'info',
  timestamp: '2024-03-12T08:42:54.989Z'
}
{
  message: 'Получили профиль от Yandex [object Object]',
  level: 'info',
  timestamp: '2024-03-12T08:43:01.673Z'
}
{
  message: 'Получили профиль от Yandex [object Object]',
  level: 'info',
  timestamp: '2024-03-12T08:43:22.980Z'
}
{
  message: 'Получили профиль от Yandex [object Object]',
  level: 'info',
  timestamp: '2024-03-12T08:43:25.821Z'
}
{
  message: 'Сервер запущен на порту 3000',
  level: 'info',
  timestamp: '2024-03-12T08:45:10.296Z'
}
{
  message: 'Сервер запущен на порту 3000',
  level: 'info',
  timestamp: '2024-03-12T08:45:24.170Z'
}
{
  message: 'Token подготовка :eyJhbGciOiJIUzI1NiIsInR5cCI6IkpXVCJ9.eyJuYW1lIjoiMzViYXJkYWV2QGdtYWlsLmNvbSIsImlhdCI6MTcxMDIzMzI0MywiZXhwIjoxNzEwMjM4MjQzfQ._qGSMzYF_cVeomN7sqqt-soAoxFfb0ERy_rZ3NvoQu8',
  level: 'info',
  timestamp: '2024-03-12T08:47:23.079Z'
}
{
  message: 'Сервер запущен на порту 3000',
  level: 'info',
  timestamp: '2024-03-12T08:47:41.191Z'
}
{
  message: 'Получили профиль от Yandex [object Object]',
  level: 'info',
  timestamp: '2024-03-12T08:47:48.582Z'
}
{
  message: 'Получили профиль от Google [object Object]',
  level: 'info',
  timestamp: '2024-03-12T08:47:58.374Z'
}
{
  message: 'Сервер запущен на порту 3000',
  level: 'info',
  timestamp: '2024-03-12T08:48:27.133Z'
}
{
  message: 'Сервер запущен на порту 3000',
  level: 'info',
  timestamp: '2024-03-12T08:48:42.832Z'
}
{
  message: 'Получили профиль от Yandex [object Object]',
  level: 'info',
  timestamp: '2024-03-12T08:48:49.837Z'
}
{
  message: 'Получили профиль от Google [object Object]',
  level: 'info',
  timestamp: '2024-03-12T08:48:58.453Z'
}
{
  message: 'Получили профиль от Google [object Object]',
  level: 'info',
  timestamp: '2024-03-12T08:49:03.379Z'
}
{
  message: "development 404 Could't get path",
  level: 'error',
  timestamp: '2024-03-17T14:10:15.730Z'
}
{
  message: "development 404 Could't get path",
  level: 'error',
  timestamp: '2024-03-17T14:10:16.183Z'
}
{
  message: "development 404 Could't get path",
  level: 'error',
  timestamp: '2024-03-17T14:10:58.262Z'
}
{
  message: "development 404 Could't get path",
  level: 'error',
  timestamp: '2024-03-17T14:10:58.263Z'
}
{
  message: "development 404 Could't get path",
  level: 'error',
  timestamp: '2024-03-17T14:10:58.264Z'
}
{
  message: "development 404 Could't get path",
  level: 'error',
  timestamp: '2024-03-17T14:10:58.264Z'
}
{
  message: "development 404 Could't get path",
  level: 'error',
  timestamp: '2024-03-17T14:11:06.634Z'
}
{
  message: "development 404 Could't get path",
  level: 'error',
  timestamp: '2024-03-17T14:11:06.641Z'
}
{
  message: "development 404 Could't get path",
  level: 'error',
  timestamp: '2024-03-17T14:11:06.647Z'
}
{
  message: "development 404 Could't get path",
  level: 'error',
  timestamp: '2024-03-17T14:11:06.648Z'
}
{
  message: "development 404 Could't get path",
  level: 'error',
  timestamp: '2024-03-17T14:11:06.649Z'
}
{
  message: "development 404 Could't get path",
  level: 'error',
  timestamp: '2024-03-17T14:11:06.649Z'
}
{
  message: "development 404 Could't get path",
  level: 'error',
  timestamp: '2024-03-17T14:11:17.981Z'
}
{
  message: "development 404 Could't get path",
  level: 'error',
  timestamp: '2024-03-17T14:11:17.998Z'
}
{
  message: "development 404 Could't get path",
  level: 'error',
  timestamp: '2024-03-17T14:11:18.000Z'
}
{
  message: "development 404 Could't get path",
  level: 'error',
  timestamp: '2024-03-17T14:11:18.001Z'
}
{
  message: "development 404 Could't get path",
  level: 'error',
  timestamp: '2024-03-17T14:11:18.002Z'
}
{
  message: "development 404 Could't get path",
  level: 'error',
  timestamp: '2024-03-17T14:11:18.003Z'
}
{
  message: 'Сервер запущен на порту 3000',
  level: 'info',
  timestamp: '2024-03-17T14:11:47.968Z'
}
{
  message: 'Сервер запущен на порту 3000',
  level: 'info',
  timestamp: '2024-03-17T14:12:05.282Z'
}
{
  message: 'Получили профиль от GitHub undefined',
  level: 'info',
  timestamp: '2024-03-17T14:12:21.282Z'
}
{
  message: 'Получили профиль от GitHub undefined',
  level: 'info',
  timestamp: '2024-03-17T14:13:24.541Z'
}
{
  message: 'Получили профиль от Google [object Object]',
  level: 'info',
  timestamp: '2024-03-17T14:14:04.026Z'
}
{
  message: 'Получили профиль от Yandex [object Object]',
  level: 'info',
  timestamp: '2024-03-17T14:14:09.440Z'
}
{
  message: 'Получили профиль от GitHub undefined',
  level: 'info',
  timestamp: '2024-03-17T14:14:13.227Z'
}
{
  message: 'Получили профиль от GitHub undefined',
  level: 'info',
  timestamp: '2024-03-17T14:14:18.329Z'
}
{
  message: 'Сервер запущен на порту 3000',
  level: 'info',
  timestamp: '2024-03-17T14:15:15.533Z'
}
{
  message: 'Получили профиль от GitHub undefined',
  level: 'info',
  timestamp: '2024-03-17T14:15:20.271Z'
}
{
  message: 'Сервер запущен на порту 3000',
  level: 'info',
  timestamp: '2024-03-17T14:15:33.210Z'
}
{
  message: 'Получили профиль от GitHub undefined',
  level: 'info',
  timestamp: '2024-03-17T14:15:36.721Z'
}
{
  message: 'Сервер запущен на порту 3000',
  level: 'info',
  timestamp: '2024-03-17T14:16:45.299Z'
}
{
  message: 'Получили профиль от GitHub undefined',
  level: 'info',
  timestamp: '2024-03-17T14:16:52.473Z'
}
{
  message: 'Сервер запущен на порту 3000',
  level: 'info',
  timestamp: '2024-03-17T14:17:26.746Z'
}
{
  message: 'Получили профиль от GitHub undefined',
  level: 'info',
  timestamp: '2024-03-17T14:17:31.193Z'
}
{
  message: 'Сервер запущен на порту 3000',
  level: 'info',
  timestamp: '2024-03-17T14:18:15.045Z'
}
{
  message: 'Получили профиль от GitHub undefined',
  level: 'info',
  timestamp: '2024-03-17T14:18:22.212Z'
}
{
  message: 'Сервер запущен на порту 3000',
  level: 'info',
  timestamp: '2024-03-17T14:18:36.960Z'
}
{
  message: 'Сервер запущен на порту 3000',
  level: 'info',
  timestamp: '2024-03-17T14:19:11.556Z'
}
{
  message: 'Получили профиль от GitHub undefined',
  level: 'info',
  timestamp: '2024-03-17T14:19:20.361Z'
}
{
  message: 'Сервер запущен на порту 3000',
  level: 'info',
  timestamp: '2024-03-17T14:19:33.475Z'
}
{
  message: 'Получили профиль от GitHub undefined',
  level: 'info',
  timestamp: '2024-03-17T14:19:40.818Z'
}
{
  message: 'Сервер запущен на порту 3000',
  level: 'info',
  timestamp: '2024-03-17T14:21:26.287Z'
}
{
  message: 'Получили профиль от GitHub undefined',
  level: 'info',
  timestamp: '2024-03-17T14:21:35.637Z'
}
{
  message: 'Сервер запущен на порту 3000',
  level: 'info',
  timestamp: '2024-03-17T14:21:45.016Z'
}
{
  message: 'Получили профиль от Yandex [object Object]',
  level: 'info',
  timestamp: '2024-03-17T14:21:52.621Z'
}
{
  message: 'Пользователь вышел',
  level: 'info',
  timestamp: '2024-03-17T14:22:01.307Z'
}
{
  message: 'Получили профиль от Google [object Object]',
  level: 'info',
  timestamp: '2024-03-17T14:22:07.375Z'
}
{
  message: 'Получили профиль от GitHub undefined',
  level: 'info',
  timestamp: '2024-03-17T14:22:21.308Z'
}
{
  message: 'Пользователь вышел',
  level: 'info',
  timestamp: '2024-03-17T14:22:23.081Z'
}
{
  message: 'Пользователь зашёл на страницу логина',
  level: 'info',
  timestamp: '2024-03-17T14:22:24.628Z'
}
{
  message: 'Сервер запущен на порту 3000',
  level: 'info',
  timestamp: '2024-03-17T14:23:25.866Z'
}
{
  message: 'Сервер запущен на порту 3000',
  level: 'info',
  timestamp: '2024-03-17T14:23:52.739Z'
}
{
  message: 'Пользователь зашёл на страницу логина',
  level: 'info',
  timestamp: '2024-03-17T14:23:52.815Z'
}
{
  message: 'Пользователь зашёл на страницу логина',
  level: 'info',
  timestamp: '2024-03-17T14:24:27.087Z'
}
{
  message: 'Получили профиль от GitHub undefined',
  level: 'info',
  timestamp: '2024-03-17T14:24:29.797Z'
}
{
  message: 'Сервер запущен на порту 3000',
  level: 'info',
  timestamp: '2024-03-17T14:24:38.471Z'
}
{
  message: 'Пользователь вышел',
  level: 'info',
  timestamp: '2024-03-17T14:24:48.460Z'
}
{
  message: 'Пользователь зашёл на страницу логина',
  level: 'info',
  timestamp: '2024-03-17T14:24:50.475Z'
}
{
  message: 'Сервер запущен на порту 3000',
  level: 'info',
  timestamp: '2024-03-18T06:22:13.102Z'
}
{
  message: 'Сервер запущен на порту 3000',
  level: 'info',
  timestamp: '2024-03-18T06:25:43.212Z'
}
{
  message: 'Сервер запущен на порту 3000',
  level: 'info',
  timestamp: '2024-03-18T06:59:48.494Z'
}
{
  message: 'Сервер запущен на порту 3000',
  level: 'info',
  timestamp: '2024-03-18T07:02:53.006Z'
}
{
  message: 'Сервер запущен на порту 3000',
  level: 'info',
  timestamp: '2024-03-18T07:08:48.148Z'
}
{
  message: 'Сервер запущен на порту 3000',
  level: 'info',
  timestamp: '2024-03-18T07:10:38.700Z'
}
{
  message: 'Сервер запущен на порту 3000',
  level: 'info',
  timestamp: '2024-03-18T07:19:33.206Z'
}
{
  message: 'Сервер запущен на порту 3000',
  level: 'info',
  timestamp: '2024-03-18T07:20:18.878Z'
}
{
  message: 'Сервер запущен на порту 3000',
  level: 'info',
  timestamp: '2024-03-18T07:21:48.391Z'
}
{
  message: 'Сервер запущен на порту 80',
  level: 'info',
  timestamp: '2024-03-18T07:23:00.708Z'
}
{
  message: 'Сервер запущен на порту 80',
  level: 'info',
  timestamp: '2024-03-18T07:26:17.052Z'
}
{
  message: 'Сервер запущен на порту 80',
  level: 'info',
  timestamp: '2024-03-18T07:26:32.876Z'
}
{
  message: 'Сервер запущен на порту 80',
  level: 'info',
  timestamp: '2024-03-18T07:30:25.596Z'
}
{
  message: 'Получили профиль от VK [object Object]',
  level: 'info',
  timestamp: '2024-03-18T07:30:34.401Z'
}
{
  message: 'Сервер запущен на порту 80',
  level: 'info',
  timestamp: '2024-03-18T07:32:22.151Z'
}
{
  message: 'Получили профиль от VK [object Object]',
  level: 'info',
  timestamp: '2024-03-18T07:32:32.979Z'
}
{
  message: 'Сервер запущен на порту 80',
  level: 'info',
  timestamp: '2024-03-18T07:33:27.769Z'
}
{
  message: 'Получили профиль от VK [object Object]',
  level: 'info',
  timestamp: '2024-03-18T07:33:37.037Z'
}
{
  message: 'Сервер запущен на порту 80',
  level: 'info',
  timestamp: '2024-03-18T07:37:17.769Z'
}
{
  message: 'Получили профиль от Yandex [object Object]',
  level: 'info',
  timestamp: '2024-03-18T07:37:19.950Z'
}
{
  message: 'Сервер запущен на порту 80',
  level: 'info',
  timestamp: '2024-03-18T07:37:55.688Z'
}
{
  message: 'Сервер запущен на порту 80',
  level: 'info',
  timestamp: '2024-03-18T07:38:35.792Z'
}
{
  message: 'Сервер запущен на порту 80',
  level: 'info',
  timestamp: '2024-03-18T07:40:28.263Z'
}
{
  message: 'Получили профиль от VK [object Object]',
  level: 'info',
  timestamp: '2024-03-18T07:40:38.169Z'
}
{
  message: 'Сервер запущен на порту 80',
  level: 'info',
  timestamp: '2024-03-18T07:47:04.008Z'
}
{
  message: 'Получили профиль от Google [object Object]',
  level: 'info',
  timestamp: '2024-03-18T07:51:01.531Z'
}
{
  message: 'Сервер запущен на порту 80',
  level: 'info',
  timestamp: '2024-03-18T07:55:28.626Z'
}
{
  message: 'Получили профиль от GitHub undefined',
  level: 'info',
  timestamp: '2024-03-18T07:55:32.222Z'
}
{
  message: 'Получили профиль от VK [object Object]',
  level: 'info',
  timestamp: '2024-03-18T07:55:38.862Z'
}
{
  message: 'Получили профиль от Google [object Object]',
  level: 'info',
  timestamp: '2024-03-18T07:55:43.214Z'
}
{
  message: 'Получили профиль от Yandex [object Object]',
  level: 'info',
  timestamp: '2024-03-18T07:55:46.802Z'
}
{
  message: 'Пользователь вышел',
  level: 'info',
  timestamp: '2024-03-18T07:59:24.331Z'
}
{
  message: 'Получили профиль от VK [object Object]',
  level: 'info',
  timestamp: '2024-03-18T07:59:40.521Z'
}
{
  message: 'Пользователь вышел',
  level: 'info',
  timestamp: '2024-03-18T07:59:56.538Z'
}
{
  message: 'Пользователь зашёл на страницу логина',
  level: 'info',
  timestamp: '2024-03-18T07:59:59.619Z'
}
{
  message: 'Получили профиль от Yandex [object Object]',
  level: 'info',
  timestamp: '2024-03-18T08:00:03.430Z'
}
{
  message: 'Сервер запущен на порту 80',
  level: 'info',
  timestamp: '2024-03-18T08:00:30.350Z'
}
{
  message: 'Пользователь зашёл на страницу логина',
  level: 'info',
  timestamp: '2024-03-18T08:00:34.901Z'
}
{
  message: 'Получили профиль от Yandex [object Object]',
  level: 'info',
  timestamp: '2024-03-18T08:00:36.840Z'
}
{
  message: 'Пользователь вышел',
  level: 'info',
  timestamp: '2024-03-18T08:00:49.818Z'
}
{
  message: 'Получили профиль от GitHub undefined',
  level: 'info',
  timestamp: '2024-03-18T08:00:58.067Z'
}
{
  message: 'Сервер запущен на порту 80',
  level: 'info',
  timestamp: '2024-03-18T08:01:43.545Z'
}
{
  message: 'Зашли на страницу edit post',
  level: 'info',
  timestamp: '2024-03-18T08:02:11.869Z'
}
{
  message: 'Пользователь зашёл на страницу логина',
  level: 'info',
  timestamp: '2024-03-18T08:02:19.933Z'
}
{
  message: 'Получили профиль от GitHub undefined',
  level: 'info',
  timestamp: '2024-03-18T08:02:23.116Z'
}
{
  message: 'Зашли на страницу edit post',
  level: 'info',
  timestamp: '2024-03-18T08:02:25.851Z'
}
{
  message: 'Пользователь вышел',
  level: 'info',
  timestamp: '2024-03-18T08:03:05.603Z'
}
{
  message: 'Пользователь зашёл на страницу логина',
  level: 'info',
  timestamp: '2024-03-18T08:03:11.111Z'
}
{
  message: 'Получили профиль от VK [object Object]',
  level: 'info',
  timestamp: '2024-03-18T08:03:13.992Z'
}
{
  message: 'Сервер запущен на порту 80',
  level: 'info',
  timestamp: '2024-03-18T08:25:26.130Z'
}
{
  message: 'Сервер запущен на порту 80',
  level: 'info',
  timestamp: '2024-03-18T08:27:22.316Z'
}
{
  message: 'Сервер запущен на порту 80',
  level: 'info',
  timestamp: '2024-03-18T08:27:53.841Z'
}
{
  message: 'Пользователь зашёл на страницу логина',
  level: 'info',
  timestamp: '2024-03-18T08:28:47.388Z'
}
{
  message: 'Получили профиль от Yandex [object Object]',
  level: 'info',
  timestamp: '2024-03-18T08:28:49.873Z'
}
{
  message: 'Пользователь вышел',
  level: 'info',
  timestamp: '2024-03-18T08:29:56.132Z'
}
{
  message: 'Получили профиль от GitHub undefined',
  level: 'info',
  timestamp: '2024-03-18T08:30:00.230Z'
}
{
  message: 'Пользователь вышел',
  level: 'info',
  timestamp: '2024-03-18T08:30:08.329Z'
}
{
  message: 'Получили профиль от Google [object Object]',
  level: 'info',
  timestamp: '2024-03-18T08:30:12.009Z'
}
{
  message: 'Пользователь вышел',
  level: 'info',
  timestamp: '2024-03-18T08:30:17.574Z'
}
{
  message: 'Пользователь зашёл на страницу логина',
  level: 'info',
  timestamp: '2024-03-18T08:30:19.612Z'
}
{
  message: 'Получили профиль от VK [object Object]',
  level: 'info',
  timestamp: '2024-03-18T08:30:22.605Z'
}
{
  message: 'Пользователь вышел',
  level: 'info',
  timestamp: '2024-03-18T08:31:32.091Z'
}
{
  message: 'Пользователь зашёл на страницу логина',
  level: 'info',
  timestamp: '2024-03-18T08:32:33.906Z'
}
{
  message: 'Получили профиль от VK [object Object]',
  level: 'info',
  timestamp: '2024-03-18T08:32:38.996Z'
}
{
  message: 'Пользователь вышел',
  level: 'info',
  timestamp: '2024-03-18T08:34:18.844Z'
}
{
  message: 'Получили профиль от Yandex [object Object]',
  level: 'info',
  timestamp: '2024-03-18T08:34:53.564Z'
}
{
  message: 'Пользователь вышел',
  level: 'info',
  timestamp: '2024-03-18T08:35:48.195Z'
}
{
  message: 'Получили профиль от Google [object Object]',
  level: 'info',
  timestamp: '2024-03-18T08:35:52.595Z'
}
{
  message: 'Пользователь вышел',
  level: 'info',
  timestamp: '2024-03-18T08:36:05.713Z'
}
{
  message: 'Получили профиль от GitHub undefined',
  level: 'info',
  timestamp: '2024-03-18T08:36:10.294Z'
}
{
  message: 'Пользователь вышел',
  level: 'info',
  timestamp: '2024-03-18T08:36:23.292Z'
}
{
  message: 'Получили профиль от VK [object Object]',
  level: 'info',
  timestamp: '2024-03-18T08:36:28.278Z'
}
{
  message: 'Пользователь вышел',
  level: 'info',
  timestamp: '2024-03-18T08:36:56.672Z'
}
{
  message: 'Получили профиль от GitHub undefined',
  level: 'info',
  timestamp: '2024-03-18T08:37:01.274Z'
}
<<<<<<< HEAD
{
  message: 'Сервер запущен на порту 80',
  level: 'info',
  timestamp: '2024-03-26T05:55:07.661Z'
}
{
  message: 'Получили профиль от Yandex [object Object]',
  level: 'info',
  timestamp: '2024-03-26T05:55:24.958Z'
}
{
  message: 'Сервер запущен на порту 80',
  level: 'info',
  timestamp: '2024-03-26T05:58:36.266Z'
}
{
  message: 'Получили профиль от GitHub undefined',
  level: 'info',
  timestamp: '2024-03-26T05:58:38.519Z'
}
{
  message: 'Сервер запущен на порту 80',
  level: 'info',
  timestamp: '2024-03-26T06:07:43.094Z'
}
=======
>>>>>>> 0b8240e8622f3b9c8c60a51e5f925cd754920d32
{
  message: 'Сервер запущен на порту 80',
  level: 'info',
  timestamp: '2024-03-26T06:10:33.332Z'
}
{
  message: 'Сервер запущен на порту 80',
  level: 'info',
  timestamp: '2024-03-26T06:12:07.246Z'
}
{
  message: 'Сервер запущен на порту 80',
  level: 'info',
  timestamp: '2024-03-26T06:14:32.318Z'
}
{
  message: 'Сервер запущен на порту 80',
  level: 'info',
  timestamp: '2024-03-26T06:15:54.114Z'
}
{
  message: 'Сервер запущен на порту 80',
  level: 'info',
  timestamp: '2024-03-26T06:16:38.808Z'
}
{
  message: 'Сервер запущен на порту 80',
  level: 'info',
  timestamp: '2024-03-26T06:20:54.491Z'
}
{
  message: 'Сервер запущен на порту 80',
  level: 'info',
  timestamp: '2024-03-26T06:21:19.307Z'
}
{
  message: 'Сервер запущен на порту 80',
  level: 'info',
  timestamp: '2024-03-26T06:21:28.857Z'
}
{
  message: 'Сервер запущен на порту 80',
  level: 'info',
  timestamp: '2024-03-26T06:26:56.198Z'
}
{
  message: 'Сервер запущен на порту 80',
  level: 'info',
  timestamp: '2024-03-26T06:30:02.217Z'
}
{
  message: 'Сервер запущен на порту 80',
  level: 'info',
  timestamp: '2024-03-26T06:31:19.578Z'
}
{
  message: 'Сервер запущен на порту 80',
  level: 'info',
  timestamp: '2024-03-26T06:33:35.528Z'
}
{
  message: 'Сервер запущен на порту 80',
  level: 'info',
  timestamp: '2024-03-26T06:37:13.811Z'
}
{
  message: 'Executing (default): DROP TABLE IF EXISTS `users`;',
  level: 'info',
  timestamp: '2024-03-26T07:24:39.389Z'
}
{
  message: 'Executing (default): DROP TABLE IF EXISTS `entries`;',
  level: 'info',
  timestamp: '2024-03-26T07:24:39.429Z'
}
{
  message: 'Executing (default): PRAGMA foreign_keys = OFF',
  level: 'info',
  timestamp: '2024-03-26T07:24:39.449Z'
}
{
  message: 'Executing (default): DROP TABLE IF EXISTS `entries`;',
  level: 'info',
  timestamp: '2024-03-26T07:24:39.450Z'
}
{
  message: 'Executing (default): DROP TABLE IF EXISTS `users`;',
  level: 'info',
  timestamp: '2024-03-26T07:24:39.452Z'
}
{
  message: 'Executing (default): PRAGMA foreign_keys = ON',
  level: 'info',
  timestamp: '2024-03-26T07:24:39.452Z'
}
{
  message: 'Executing (default): DROP TABLE IF EXISTS `entries`;',
  level: 'info',
  timestamp: '2024-03-26T07:24:39.454Z'
}
{
  message: 'Executing (default): CREATE TABLE IF NOT EXISTS `entries` (`id` INTEGER PRIMARY KEY AUTOINCREMENT, `username` VARCHAR(255) NOT NULL, `title` VARCHAR(255), `content` DATETIME NOT NULL, `imagePath` VARCHAR(255), `timestamp` DATETIME, `createdAt` DATETIME NOT NULL, `updatedAt` DATETIME NOT NULL);',
  level: 'info',
  timestamp: '2024-03-26T07:24:39.461Z'
}
{
  message: 'Executing (default): PRAGMA INDEX_LIST(`entries`)',
  level: 'info',
  timestamp: '2024-03-26T07:24:39.470Z'
}
{
  message: 'Executing (default): DROP TABLE IF EXISTS `users`;',
  level: 'info',
  timestamp: '2024-03-26T07:24:39.478Z'
}
{
  message: 'Executing (default): CREATE TABLE IF NOT EXISTS `users` (`id` INTEGER PRIMARY KEY AUTOINCREMENT, `name` VARCHAR(255) NOT NULL, `email` VARCHAR(255) NOT NULL, `password` VARCHAR(255) NOT NULL, `age` INTEGER NOT NULL, `isAdmin` INTEGER, `createdAt` DATETIME NOT NULL, `updatedAt` DATETIME NOT NULL);',
  level: 'info',
  timestamp: '2024-03-26T07:24:39.482Z'
}
{
  message: 'Executing (default): PRAGMA INDEX_LIST(`users`)',
  level: 'info',
  timestamp: '2024-03-26T07:24:39.497Z'
}
{
  message: 'Сервер запущен на порту 80',
  level: 'info',
  timestamp: '2024-03-26T07:24:39.499Z'
}
{
  message: 'Executing (default): DROP TABLE IF EXISTS `users`;',
  level: 'info',
  timestamp: '2024-03-26T07:30:34.540Z'
}
{
  message: 'Executing (default): DROP TABLE IF EXISTS `entries`;',
  level: 'info',
  timestamp: '2024-03-26T07:30:34.564Z'
}
{
  message: 'Executing (default): PRAGMA foreign_keys = OFF',
  level: 'info',
  timestamp: '2024-03-26T07:30:34.573Z'
}
{
  message: 'Executing (default): DROP TABLE IF EXISTS `entries`;',
  level: 'info',
  timestamp: '2024-03-26T07:30:34.578Z'
}
{
  message: 'Executing (default): DROP TABLE IF EXISTS `users`;',
  level: 'info',
  timestamp: '2024-03-26T07:30:34.579Z'
}
{
  message: 'Executing (default): PRAGMA foreign_keys = ON',
  level: 'info',
  timestamp: '2024-03-26T07:30:34.580Z'
}
{
  message: 'Executing (default): DROP TABLE IF EXISTS `entries`;',
  level: 'info',
  timestamp: '2024-03-26T07:30:34.581Z'
}
{
  message: 'Executing (default): CREATE TABLE IF NOT EXISTS `entries` (`id` INTEGER PRIMARY KEY AUTOINCREMENT, `username` VARCHAR(255) NOT NULL, `title` VARCHAR(255), `content` DATETIME NOT NULL, `imagePath` VARCHAR(255), `timestamp` DATETIME, `createdAt` DATETIME NOT NULL, `updatedAt` DATETIME NOT NULL);',
  level: 'info',
  timestamp: '2024-03-26T07:30:34.583Z'
}
{
  message: 'Executing (default): PRAGMA INDEX_LIST(`entries`)',
  level: 'info',
  timestamp: '2024-03-26T07:30:34.590Z'
}
{
  message: 'Executing (default): DROP TABLE IF EXISTS `users`;',
  level: 'info',
  timestamp: '2024-03-26T07:30:34.591Z'
}
{
  message: 'Executing (default): CREATE TABLE IF NOT EXISTS `users` (`id` INTEGER PRIMARY KEY AUTOINCREMENT, `name` VARCHAR(255) NOT NULL, `email` VARCHAR(255) NOT NULL, `password` VARCHAR(255) NOT NULL, `age` INTEGER NOT NULL, `isAdmin` INTEGER, `createdAt` DATETIME NOT NULL, `updatedAt` DATETIME NOT NULL);',
  level: 'info',
  timestamp: '2024-03-26T07:30:34.592Z'
}
{
  message: 'Executing (default): PRAGMA INDEX_LIST(`users`)',
  level: 'info',
  timestamp: '2024-03-26T07:30:34.602Z'
}
{
  message: 'Сервер запущен на порту 80',
  level: 'info',
  timestamp: '2024-03-26T07:30:34.603Z'
}
{
  message: 'Executing (default): DROP TABLE IF EXISTS `users`;',
  level: 'info',
  timestamp: '2024-03-26T07:31:05.401Z'
}
{
  message: 'Executing (default): DROP TABLE IF EXISTS `entries`;',
  level: 'info',
  timestamp: '2024-03-26T07:31:05.419Z'
}
{
  message: 'Executing (default): PRAGMA foreign_keys = OFF',
  level: 'info',
  timestamp: '2024-03-26T07:31:05.430Z'
}
{
  message: 'Executing (default): DROP TABLE IF EXISTS `entries`;',
  level: 'info',
  timestamp: '2024-03-26T07:31:05.433Z'
}
{
  message: 'Executing (default): DROP TABLE IF EXISTS `users`;',
  level: 'info',
  timestamp: '2024-03-26T07:31:05.436Z'
}
{
  message: 'Executing (default): PRAGMA foreign_keys = ON',
  level: 'info',
  timestamp: '2024-03-26T07:31:05.440Z'
}
{
  message: 'Executing (default): DROP TABLE IF EXISTS `entries`;',
  level: 'info',
  timestamp: '2024-03-26T07:31:05.444Z'
}
{
  message: 'Executing (default): CREATE TABLE IF NOT EXISTS `entries` (`id` INTEGER PRIMARY KEY AUTOINCREMENT, `username` VARCHAR(255) NOT NULL, `title` VARCHAR(255), `content` DATETIME NOT NULL, `imagePath` VARCHAR(255), `timestamp` DATETIME, `createdAt` DATETIME NOT NULL, `updatedAt` DATETIME NOT NULL);',
  level: 'info',
  timestamp: '2024-03-26T07:31:05.448Z'
}
{
  message: 'Executing (default): PRAGMA INDEX_LIST(`entries`)',
  level: 'info',
  timestamp: '2024-03-26T07:31:05.453Z'
}
{
  message: 'Executing (default): DROP TABLE IF EXISTS `users`;',
  level: 'info',
  timestamp: '2024-03-26T07:31:05.467Z'
}
{
  message: 'Executing (default): CREATE TABLE IF NOT EXISTS `users` (`id` INTEGER PRIMARY KEY AUTOINCREMENT, `name` VARCHAR(255) NOT NULL, `email` VARCHAR(255) NOT NULL, `password` VARCHAR(255) NOT NULL, `age` INTEGER NOT NULL, `isAdmin` INTEGER, `createdAt` DATETIME NOT NULL, `updatedAt` DATETIME NOT NULL);',
  level: 'info',
  timestamp: '2024-03-26T07:31:05.469Z'
}
{
  message: 'Executing (default): PRAGMA INDEX_LIST(`users`)',
  level: 'info',
  timestamp: '2024-03-26T07:31:05.476Z'
}
{
  message: 'Сервер запущен на порту 80',
  level: 'info',
  timestamp: '2024-03-26T07:31:05.485Z'
}
{
  message: 'Executing (default): DROP TABLE IF EXISTS `users`;',
  level: 'info',
  timestamp: '2024-03-26T07:31:09.446Z'
}
{
  message: 'Executing (default): DROP TABLE IF EXISTS `entries`;',
  level: 'info',
  timestamp: '2024-03-26T07:31:09.466Z'
}
{
  message: 'Executing (default): PRAGMA foreign_keys = OFF',
  level: 'info',
  timestamp: '2024-03-26T07:31:09.472Z'
}
{
  message: 'Executing (default): DROP TABLE IF EXISTS `entries`;',
  level: 'info',
  timestamp: '2024-03-26T07:31:09.474Z'
}
{
  message: 'Executing (default): DROP TABLE IF EXISTS `users`;',
  level: 'info',
  timestamp: '2024-03-26T07:31:09.475Z'
}
{
  message: 'Executing (default): PRAGMA foreign_keys = ON',
  level: 'info',
  timestamp: '2024-03-26T07:31:09.476Z'
}
{
  message: 'Executing (default): DROP TABLE IF EXISTS `entries`;',
  level: 'info',
  timestamp: '2024-03-26T07:31:09.478Z'
}
{
  message: 'Executing (default): CREATE TABLE IF NOT EXISTS `entries` (`id` INTEGER PRIMARY KEY AUTOINCREMENT, `username` VARCHAR(255) NOT NULL, `title` VARCHAR(255), `content` DATETIME NOT NULL, `imagePath` VARCHAR(255), `timestamp` DATETIME, `createdAt` DATETIME NOT NULL, `updatedAt` DATETIME NOT NULL);',
  level: 'info',
  timestamp: '2024-03-26T07:31:09.479Z'
}
{
  message: 'Executing (default): PRAGMA INDEX_LIST(`entries`)',
  level: 'info',
  timestamp: '2024-03-26T07:31:09.486Z'
}
{
  message: 'Executing (default): DROP TABLE IF EXISTS `users`;',
  level: 'info',
  timestamp: '2024-03-26T07:31:09.488Z'
}
{
  message: 'Executing (default): CREATE TABLE IF NOT EXISTS `users` (`id` INTEGER PRIMARY KEY AUTOINCREMENT, `name` VARCHAR(255) NOT NULL, `email` VARCHAR(255) NOT NULL, `password` VARCHAR(255) NOT NULL, `age` INTEGER NOT NULL, `isAdmin` INTEGER, `createdAt` DATETIME NOT NULL, `updatedAt` DATETIME NOT NULL);',
  level: 'info',
  timestamp: '2024-03-26T07:31:09.490Z'
}
{
  message: 'Executing (default): PRAGMA INDEX_LIST(`users`)',
  level: 'info',
  timestamp: '2024-03-26T07:31:09.518Z'
}
{
  message: 'Сервер запущен на порту 80',
  level: 'info',
  timestamp: '2024-03-26T07:31:09.519Z'
}
{
  message: 'Executing (default): DROP TABLE IF EXISTS `users`;',
  level: 'info',
  timestamp: '2024-03-26T07:31:24.532Z'
}
{
  message: 'Executing (default): DROP TABLE IF EXISTS `entries`;',
  level: 'info',
  timestamp: '2024-03-26T07:31:24.550Z'
}
{
  message: 'Executing (default): PRAGMA foreign_keys = OFF',
  level: 'info',
  timestamp: '2024-03-26T07:31:24.555Z'
}
{
  message: 'Executing (default): DROP TABLE IF EXISTS `entries`;',
  level: 'info',
  timestamp: '2024-03-26T07:31:24.556Z'
}
{
  message: 'Executing (default): DROP TABLE IF EXISTS `users`;',
  level: 'info',
  timestamp: '2024-03-26T07:31:24.558Z'
}
{
  message: 'Executing (default): PRAGMA foreign_keys = ON',
  level: 'info',
  timestamp: '2024-03-26T07:31:24.559Z'
}
{
  message: 'Executing (default): DROP TABLE IF EXISTS `entries`;',
  level: 'info',
  timestamp: '2024-03-26T07:31:24.560Z'
}
{
  message: 'Executing (default): CREATE TABLE IF NOT EXISTS `entries` (`id` INTEGER PRIMARY KEY AUTOINCREMENT, `username` VARCHAR(255) NOT NULL, `title` VARCHAR(255), `content` DATETIME NOT NULL, `imagePath` VARCHAR(255), `timestamp` DATETIME, `createdAt` DATETIME NOT NULL, `updatedAt` DATETIME NOT NULL);',
  level: 'info',
  timestamp: '2024-03-26T07:31:24.563Z'
}
{
  message: 'Executing (default): PRAGMA INDEX_LIST(`entries`)',
  level: 'info',
  timestamp: '2024-03-26T07:31:24.569Z'
}
{
  message: 'Executing (default): DROP TABLE IF EXISTS `users`;',
  level: 'info',
  timestamp: '2024-03-26T07:31:24.570Z'
}
{
  message: 'Executing (default): CREATE TABLE IF NOT EXISTS `users` (`id` INTEGER PRIMARY KEY AUTOINCREMENT, `name` VARCHAR(255) NOT NULL, `email` VARCHAR(255) NOT NULL, `password` VARCHAR(255) NOT NULL, `age` INTEGER NOT NULL, `isAdmin` INTEGER, `createdAt` DATETIME NOT NULL, `updatedAt` DATETIME NOT NULL);',
  level: 'info',
  timestamp: '2024-03-26T07:31:24.572Z'
}
{
  message: 'Executing (default): PRAGMA INDEX_LIST(`users`)',
  level: 'info',
  timestamp: '2024-03-26T07:31:24.578Z'
}
{
  message: 'Сервер запущен на порту 80 база данных синхронизирована',
  level: 'info',
  timestamp: '2024-03-26T07:31:24.579Z'
}
{
  message: 'Executing (default): DROP TABLE IF EXISTS `users`;',
  level: 'info',
  timestamp: '2024-03-26T07:32:03.138Z'
}
{
  message: 'Executing (default): DROP TABLE IF EXISTS `entries`;',
  level: 'info',
  timestamp: '2024-03-26T07:32:03.162Z'
}
{
  message: 'Executing (default): PRAGMA foreign_keys = OFF',
  level: 'info',
  timestamp: '2024-03-26T07:32:03.181Z'
}
{
  message: 'Executing (default): DROP TABLE IF EXISTS `entries`;',
  level: 'info',
  timestamp: '2024-03-26T07:32:03.183Z'
}
{
  message: 'Executing (default): DROP TABLE IF EXISTS `users`;',
  level: 'info',
  timestamp: '2024-03-26T07:32:03.185Z'
}
{
  message: 'Executing (default): PRAGMA foreign_keys = ON',
  level: 'info',
  timestamp: '2024-03-26T07:32:03.191Z'
}
{
  message: 'Executing (default): DROP TABLE IF EXISTS `entries`;',
  level: 'info',
  timestamp: '2024-03-26T07:32:03.193Z'
}
{
  message: 'Executing (default): CREATE TABLE IF NOT EXISTS `entries` (`id` INTEGER PRIMARY KEY AUTOINCREMENT, `username` VARCHAR(255) NOT NULL, `title` VARCHAR(255), `content` DATETIME NOT NULL, `imagePath` VARCHAR(255), `timestamp` DATETIME, `createdAt` DATETIME NOT NULL, `updatedAt` DATETIME NOT NULL);',
  level: 'info',
  timestamp: '2024-03-26T07:32:03.200Z'
}
{
  message: 'Executing (default): PRAGMA INDEX_LIST(`entries`)',
  level: 'info',
  timestamp: '2024-03-26T07:32:03.211Z'
}
{
  message: 'Executing (default): DROP TABLE IF EXISTS `users`;',
  level: 'info',
  timestamp: '2024-03-26T07:32:03.213Z'
}
{
  message: 'Executing (default): CREATE TABLE IF NOT EXISTS `users` (`id` INTEGER PRIMARY KEY AUTOINCREMENT, `name` VARCHAR(255) NOT NULL, `email` VARCHAR(255) NOT NULL, `password` VARCHAR(255) NOT NULL, `age` INTEGER NOT NULL, `isAdmin` INTEGER, `createdAt` DATETIME NOT NULL, `updatedAt` DATETIME NOT NULL);',
  level: 'info',
  timestamp: '2024-03-26T07:32:03.218Z'
}
{
  message: 'Executing (default): PRAGMA INDEX_LIST(`users`)',
  level: 'info',
  timestamp: '2024-03-26T07:32:03.226Z'
}
{
  message: 'Сервер запущен на порту 80 База данных синхронизирована',
  level: 'info',
  timestamp: '2024-03-26T07:32:03.233Z'
}
{
  message: 'Executing (default): DROP TABLE IF EXISTS `users`;',
  level: 'info',
  timestamp: '2024-03-26T07:32:34.345Z'
}
{
  message: 'Executing (default): DROP TABLE IF EXISTS `entries`;',
  level: 'info',
  timestamp: '2024-03-26T07:32:34.364Z'
}
{
  message: 'Executing (default): PRAGMA foreign_keys = OFF',
  level: 'info',
  timestamp: '2024-03-26T07:32:34.369Z'
}
{
  message: 'Executing (default): DROP TABLE IF EXISTS `entries`;',
  level: 'info',
  timestamp: '2024-03-26T07:32:34.370Z'
}
{
  message: 'Executing (default): DROP TABLE IF EXISTS `users`;',
  level: 'info',
  timestamp: '2024-03-26T07:32:34.375Z'
}
{
  message: 'Executing (default): PRAGMA foreign_keys = ON',
  level: 'info',
  timestamp: '2024-03-26T07:32:34.376Z'
}
{
  message: 'Executing (default): DROP TABLE IF EXISTS `entries`;',
  level: 'info',
  timestamp: '2024-03-26T07:32:34.377Z'
}
{
  message: 'Executing (default): CREATE TABLE IF NOT EXISTS `entries` (`id` INTEGER PRIMARY KEY AUTOINCREMENT, `username` VARCHAR(255) NOT NULL, `title` VARCHAR(255), `content` DATETIME NOT NULL, `imagePath` VARCHAR(255), `timestamp` DATETIME, `createdAt` DATETIME NOT NULL, `updatedAt` DATETIME NOT NULL);',
  level: 'info',
  timestamp: '2024-03-26T07:32:34.379Z'
}
{
  message: 'Executing (default): PRAGMA INDEX_LIST(`entries`)',
  level: 'info',
  timestamp: '2024-03-26T07:32:34.386Z'
}
{
  message: 'Executing (default): DROP TABLE IF EXISTS `users`;',
  level: 'info',
  timestamp: '2024-03-26T07:32:34.387Z'
}
{
  message: 'Executing (default): CREATE TABLE IF NOT EXISTS `users` (`id` INTEGER PRIMARY KEY AUTOINCREMENT, `name` VARCHAR(255) NOT NULL, `email` VARCHAR(255) NOT NULL, `password` VARCHAR(255) NOT NULL, `age` INTEGER NOT NULL, `isAdmin` INTEGER, `createdAt` DATETIME NOT NULL, `updatedAt` DATETIME NOT NULL);',
  level: 'info',
  timestamp: '2024-03-26T07:32:34.388Z'
}
{
  message: 'Executing (default): PRAGMA INDEX_LIST(`users`)',
  level: 'info',
  timestamp: '2024-03-26T07:32:34.396Z'
}
{
  message: 'Сервер запущен на порту 80 База данных синхронизирована',
  level: 'info',
  timestamp: '2024-03-26T07:32:34.397Z'
}
{
  message: 'Executing (default): DROP TABLE IF EXISTS `users`;',
  level: 'info',
  timestamp: '2024-03-26T07:33:02.121Z'
}
{
  message: 'Executing (default): DROP TABLE IF EXISTS `entries`;',
  level: 'info',
  timestamp: '2024-03-26T07:33:02.155Z'
}
{
  message: 'Executing (default): PRAGMA foreign_keys = OFF',
  level: 'info',
  timestamp: '2024-03-26T07:33:02.174Z'
}
{
  message: 'Executing (default): DROP TABLE IF EXISTS `entries`;',
  level: 'info',
  timestamp: '2024-03-26T07:33:02.175Z'
}
{
  message: 'Executing (default): DROP TABLE IF EXISTS `users`;',
  level: 'info',
  timestamp: '2024-03-26T07:33:02.176Z'
}
{
  message: 'Executing (default): PRAGMA foreign_keys = ON',
  level: 'info',
  timestamp: '2024-03-26T07:33:02.177Z'
}
{
  message: 'Executing (default): DROP TABLE IF EXISTS `entries`;',
  level: 'info',
  timestamp: '2024-03-26T07:33:02.178Z'
}
{
  message: 'Executing (default): CREATE TABLE IF NOT EXISTS `entries` (`id` INTEGER PRIMARY KEY AUTOINCREMENT, `username` VARCHAR(255) NOT NULL, `title` VARCHAR(255), `content` DATETIME NOT NULL, `imagePath` VARCHAR(255), `timestamp` DATETIME, `createdAt` DATETIME NOT NULL, `updatedAt` DATETIME NOT NULL);',
  level: 'info',
  timestamp: '2024-03-26T07:33:02.180Z'
}
{
  message: 'Executing (default): PRAGMA INDEX_LIST(`entries`)',
  level: 'info',
  timestamp: '2024-03-26T07:33:02.196Z'
}
{
  message: 'Executing (default): DROP TABLE IF EXISTS `users`;',
  level: 'info',
  timestamp: '2024-03-26T07:33:02.198Z'
}
{
  message: 'Executing (default): CREATE TABLE IF NOT EXISTS `users` (`id` INTEGER PRIMARY KEY AUTOINCREMENT, `name` VARCHAR(255) NOT NULL, `email` VARCHAR(255) NOT NULL, `password` VARCHAR(255) NOT NULL, `age` INTEGER NOT NULL, `isAdmin` INTEGER, `createdAt` DATETIME NOT NULL, `updatedAt` DATETIME NOT NULL);',
  level: 'info',
  timestamp: '2024-03-26T07:33:02.199Z'
}
{
  message: 'Executing (default): PRAGMA INDEX_LIST(`users`)',
  level: 'info',
  timestamp: '2024-03-26T07:33:02.210Z'
}
{
  message: 'Сервер запущен на порту 80 База данных синхронизирована',
  level: 'info',
  timestamp: '2024-03-26T07:33:02.214Z'
}
{
  message: 'Executing (default): DROP TABLE IF EXISTS `users`;',
  level: 'info',
  timestamp: '2024-03-26T07:33:16.495Z'
}
{
  message: 'Executing (default): DROP TABLE IF EXISTS `entries`;',
  level: 'info',
  timestamp: '2024-03-26T07:33:16.518Z'
}
{
  message: 'Executing (default): PRAGMA foreign_keys = OFF',
  level: 'info',
  timestamp: '2024-03-26T07:33:16.522Z'
}
{
  message: 'Executing (default): DROP TABLE IF EXISTS `entries`;',
  level: 'info',
  timestamp: '2024-03-26T07:33:16.523Z'
}
{
  message: 'Executing (default): DROP TABLE IF EXISTS `users`;',
  level: 'info',
  timestamp: '2024-03-26T07:33:16.525Z'
}
{
  message: 'Executing (default): PRAGMA foreign_keys = ON',
  level: 'info',
  timestamp: '2024-03-26T07:33:16.526Z'
}
{
  message: 'Executing (default): DROP TABLE IF EXISTS `entries`;',
  level: 'info',
  timestamp: '2024-03-26T07:33:16.528Z'
}
{
  message: 'Executing (default): CREATE TABLE IF NOT EXISTS `entries` (`id` INTEGER PRIMARY KEY AUTOINCREMENT, `username` VARCHAR(255) NOT NULL, `title` VARCHAR(255), `content` DATETIME NOT NULL, `imagePath` VARCHAR(255), `timestamp` DATETIME, `createdAt` DATETIME NOT NULL, `updatedAt` DATETIME NOT NULL);',
  level: 'info',
  timestamp: '2024-03-26T07:33:16.531Z'
}
{
  message: 'Executing (default): PRAGMA INDEX_LIST(`entries`)',
  level: 'info',
  timestamp: '2024-03-26T07:33:16.543Z'
}
{
  message: 'Executing (default): DROP TABLE IF EXISTS `users`;',
  level: 'info',
  timestamp: '2024-03-26T07:33:16.545Z'
}
{
  message: 'Executing (default): CREATE TABLE IF NOT EXISTS `users` (`id` INTEGER PRIMARY KEY AUTOINCREMENT, `name` VARCHAR(255) NOT NULL, `email` VARCHAR(255) NOT NULL, `password` VARCHAR(255) NOT NULL, `age` INTEGER NOT NULL, `isAdmin` INTEGER, `createdAt` DATETIME NOT NULL, `updatedAt` DATETIME NOT NULL);',
  level: 'info',
  timestamp: '2024-03-26T07:33:16.549Z'
}
{
  message: 'Executing (default): PRAGMA INDEX_LIST(`users`)',
  level: 'info',
  timestamp: '2024-03-26T07:33:16.555Z'
}
{
  message: 'Сервер запущен на порту 80 База данных синхронизирована',
  level: 'info',
  timestamp: '2024-03-26T07:33:16.557Z'
}
{
  message: 'Executing (default): DROP TABLE IF EXISTS `users`;',
  level: 'info',
  timestamp: '2024-03-26T07:34:00.295Z'
}
{
  message: 'Executing (default): DROP TABLE IF EXISTS `entries`;',
  level: 'info',
  timestamp: '2024-03-26T07:34:00.318Z'
}
{
  message: 'Executing (default): PRAGMA foreign_keys = OFF',
  level: 'info',
  timestamp: '2024-03-26T07:34:00.326Z'
}
{
  message: 'Executing (default): DROP TABLE IF EXISTS `entries`;',
  level: 'info',
  timestamp: '2024-03-26T07:34:00.327Z'
}
{
  message: 'Executing (default): DROP TABLE IF EXISTS `users`;',
  level: 'info',
  timestamp: '2024-03-26T07:34:00.329Z'
}
{
  message: 'Executing (default): PRAGMA foreign_keys = ON',
  level: 'info',
  timestamp: '2024-03-26T07:34:00.330Z'
}
{
  message: 'Executing (default): DROP TABLE IF EXISTS `entries`;',
  level: 'info',
  timestamp: '2024-03-26T07:34:00.332Z'
}
{
  message: 'Executing (default): CREATE TABLE IF NOT EXISTS `entries` (`id` INTEGER PRIMARY KEY AUTOINCREMENT, `username` VARCHAR(255) NOT NULL, `title` VARCHAR(255), `content` DATETIME NOT NULL, `imagePath` VARCHAR(255), `timestamp` DATETIME, `createdAt` DATETIME NOT NULL, `updatedAt` DATETIME NOT NULL);',
  level: 'info',
  timestamp: '2024-03-26T07:34:00.334Z'
}
{
  message: 'Executing (default): PRAGMA INDEX_LIST(`entries`)',
  level: 'info',
  timestamp: '2024-03-26T07:34:00.341Z'
}
{
  message: 'Executing (default): DROP TABLE IF EXISTS `users`;',
  level: 'info',
  timestamp: '2024-03-26T07:34:00.346Z'
}
{
  message: 'Executing (default): CREATE TABLE IF NOT EXISTS `users` (`id` INTEGER PRIMARY KEY AUTOINCREMENT, `name` VARCHAR(255) NOT NULL, `email` VARCHAR(255) NOT NULL, `password` VARCHAR(255) NOT NULL, `age` INTEGER NOT NULL, `isAdmin` INTEGER, `createdAt` DATETIME NOT NULL, `updatedAt` DATETIME NOT NULL);',
  level: 'info',
  timestamp: '2024-03-26T07:34:00.347Z'
}
{
  message: 'Executing (default): PRAGMA INDEX_LIST(`users`)',
  level: 'info',
  timestamp: '2024-03-26T07:34:00.356Z'
}
{
  message: 'Сервер запущен на порту 80 База данных синхронизирована',
  level: 'info',
  timestamp: '2024-03-26T07:34:00.360Z'
}
{
  message: 'Executing (default): DROP TABLE IF EXISTS `users`;',
  level: 'info',
  timestamp: '2024-03-26T07:35:45.770Z'
}
{
  message: 'Executing (default): DROP TABLE IF EXISTS `entries`;',
  level: 'info',
  timestamp: '2024-03-26T07:35:45.788Z'
}
{
  message: 'Executing (default): PRAGMA foreign_keys = OFF',
  level: 'info',
  timestamp: '2024-03-26T07:35:45.794Z'
}
{
  message: 'Executing (default): DROP TABLE IF EXISTS `entries`;',
  level: 'info',
  timestamp: '2024-03-26T07:35:45.796Z'
}
{
  message: 'Executing (default): DROP TABLE IF EXISTS `users`;',
  level: 'info',
  timestamp: '2024-03-26T07:35:45.798Z'
}
{
  message: 'Executing (default): PRAGMA foreign_keys = ON',
  level: 'info',
  timestamp: '2024-03-26T07:35:45.799Z'
}
{
  message: 'Executing (default): DROP TABLE IF EXISTS `entries`;',
  level: 'info',
  timestamp: '2024-03-26T07:35:45.800Z'
}
{
  message: 'Executing (default): CREATE TABLE IF NOT EXISTS `entries` (`id` INTEGER PRIMARY KEY AUTOINCREMENT, `username` VARCHAR(255) NOT NULL, `title` VARCHAR(255), `content` DATETIME NOT NULL, `imagePath` VARCHAR(255), `timestamp` DATETIME, `createdAt` DATETIME NOT NULL, `updatedAt` DATETIME NOT NULL);',
  level: 'info',
  timestamp: '2024-03-26T07:35:45.802Z'
}
{
  message: 'Executing (default): PRAGMA INDEX_LIST(`entries`)',
  level: 'info',
  timestamp: '2024-03-26T07:35:45.809Z'
}
{
  message: 'Executing (default): DROP TABLE IF EXISTS `users`;',
  level: 'info',
  timestamp: '2024-03-26T07:35:45.813Z'
}
{
  message: 'Executing (default): CREATE TABLE IF NOT EXISTS `users` (`id` INTEGER PRIMARY KEY AUTOINCREMENT, `name` VARCHAR(255) NOT NULL, `email` VARCHAR(255) NOT NULL, `password` VARCHAR(255) NOT NULL, `age` INTEGER NOT NULL, `isAdmin` INTEGER, `createdAt` DATETIME NOT NULL, `updatedAt` DATETIME NOT NULL);',
  level: 'info',
  timestamp: '2024-03-26T07:35:45.814Z'
}
{
  message: 'Executing (default): PRAGMA INDEX_LIST(`users`)',
  level: 'info',
  timestamp: '2024-03-26T07:35:45.821Z'
}
{
  message: 'Сервер запущен на порту 80 База данных синхронизирована',
  level: 'info',
  timestamp: '2024-03-26T07:35:45.822Z'
}
{
  message: 'Executing (default): DROP TABLE IF EXISTS `users`;',
  level: 'info',
  timestamp: '2024-03-26T07:55:14.505Z'
}
{
  message: 'Executing (default): DROP TABLE IF EXISTS `entries`;',
  level: 'info',
  timestamp: '2024-03-26T07:55:14.527Z'
}
{
  message: 'Executing (default): PRAGMA foreign_keys = OFF',
  level: 'info',
  timestamp: '2024-03-26T07:55:14.534Z'
}
{
  message: 'Executing (default): DROP TABLE IF EXISTS `entries`;',
  level: 'info',
  timestamp: '2024-03-26T07:55:14.535Z'
}
{
  message: 'Executing (default): DROP TABLE IF EXISTS `users`;',
  level: 'info',
  timestamp: '2024-03-26T07:55:14.538Z'
}
{
  message: 'Executing (default): PRAGMA foreign_keys = ON',
  level: 'info',
  timestamp: '2024-03-26T07:55:14.539Z'
}
{
  message: 'Executing (default): DROP TABLE IF EXISTS `entries`;',
  level: 'info',
  timestamp: '2024-03-26T07:55:14.540Z'
}
{
  message: 'Executing (default): CREATE TABLE IF NOT EXISTS `entries` (`id` INTEGER PRIMARY KEY AUTOINCREMENT, `username` VARCHAR(255) NOT NULL, `title` VARCHAR(255), `content` DATETIME NOT NULL, `imagePath` VARCHAR(255), `timestamp` DATETIME, `createdAt` DATETIME NOT NULL, `updatedAt` DATETIME NOT NULL);',
  level: 'info',
  timestamp: '2024-03-26T07:55:14.542Z'
}
{
  message: 'Executing (default): PRAGMA INDEX_LIST(`entries`)',
  level: 'info',
  timestamp: '2024-03-26T07:55:14.548Z'
}
{
  message: 'Executing (default): DROP TABLE IF EXISTS `users`;',
  level: 'info',
  timestamp: '2024-03-26T07:55:14.550Z'
}
{
  message: 'Executing (default): CREATE TABLE IF NOT EXISTS `users` (`id` INTEGER PRIMARY KEY AUTOINCREMENT, `name` VARCHAR(255) NOT NULL, `email` VARCHAR(255) NOT NULL, `password` VARCHAR(255) NOT NULL, `age` INTEGER NOT NULL, `isAdmin` INTEGER, `createdAt` DATETIME NOT NULL, `updatedAt` DATETIME NOT NULL);',
  level: 'info',
  timestamp: '2024-03-26T07:55:14.551Z'
}
{
  message: 'Executing (default): PRAGMA INDEX_LIST(`users`)',
  level: 'info',
  timestamp: '2024-03-26T07:55:14.559Z'
}
{
  message: 'Сервер запущен на порту 80 База данных синхронизирована',
  level: 'info',
  timestamp: '2024-03-26T07:55:14.560Z'
}
{
  message: 'Executing (default): DROP TABLE IF EXISTS `users`;',
  level: 'info',
  timestamp: '2024-03-26T07:56:47.837Z'
}
{
  message: 'Executing (default): DROP TABLE IF EXISTS `entries`;',
  level: 'info',
  timestamp: '2024-03-26T07:56:47.866Z'
}
{
  message: 'Executing (default): PRAGMA foreign_keys = OFF',
  level: 'info',
  timestamp: '2024-03-26T07:56:47.872Z'
}
{
  message: 'Executing (default): DROP TABLE IF EXISTS `entries`;',
  level: 'info',
  timestamp: '2024-03-26T07:56:47.874Z'
}
{
  message: 'Executing (default): DROP TABLE IF EXISTS `users`;',
  level: 'info',
  timestamp: '2024-03-26T07:56:47.875Z'
}
{
  message: 'Executing (default): PRAGMA foreign_keys = ON',
  level: 'info',
  timestamp: '2024-03-26T07:56:47.877Z'
}
{
  message: 'Executing (default): DROP TABLE IF EXISTS `entries`;',
  level: 'info',
  timestamp: '2024-03-26T07:56:47.879Z'
}
{
  message: 'Executing (default): CREATE TABLE IF NOT EXISTS `entries` (`id` INTEGER PRIMARY KEY AUTOINCREMENT, `username` VARCHAR(255) NOT NULL, `title` VARCHAR(255), `content` DATETIME NOT NULL, `imagePath` VARCHAR(255), `timestamp` DATETIME, `createdAt` DATETIME NOT NULL, `updatedAt` DATETIME NOT NULL);',
  level: 'info',
  timestamp: '2024-03-26T07:56:47.882Z'
}
{
  message: 'Executing (default): PRAGMA INDEX_LIST(`entries`)',
  level: 'info',
  timestamp: '2024-03-26T07:56:47.887Z'
}
{
  message: 'Executing (default): DROP TABLE IF EXISTS `users`;',
  level: 'info',
  timestamp: '2024-03-26T07:56:47.890Z'
}
{
  message: 'Executing (default): CREATE TABLE IF NOT EXISTS `users` (`id` INTEGER PRIMARY KEY AUTOINCREMENT, `name` VARCHAR(255) NOT NULL, `email` VARCHAR(255) NOT NULL, `password` VARCHAR(255) NOT NULL, `age` INTEGER NOT NULL, `isAdmin` INTEGER, `createdAt` DATETIME NOT NULL, `updatedAt` DATETIME NOT NULL);',
  level: 'info',
  timestamp: '2024-03-26T07:56:47.892Z'
}
{
  message: 'Executing (default): PRAGMA INDEX_LIST(`users`)',
  level: 'info',
  timestamp: '2024-03-26T07:56:47.901Z'
}
{
  message: 'Сервер запущен на порту 80 База данных синхронизирована',
  level: 'info',
  timestamp: '2024-03-26T07:56:47.903Z'
}
{
  message: 'Executing (default): DROP TABLE IF EXISTS `users`;',
  level: 'info',
  timestamp: '2024-03-26T07:56:55.371Z'
}
{
  message: 'Executing (default): DROP TABLE IF EXISTS `entries`;',
  level: 'info',
  timestamp: '2024-03-26T07:56:55.389Z'
}
{
  message: 'Executing (default): PRAGMA foreign_keys = OFF',
  level: 'info',
  timestamp: '2024-03-26T07:56:55.395Z'
}
{
  message: 'Executing (default): DROP TABLE IF EXISTS `entries`;',
  level: 'info',
  timestamp: '2024-03-26T07:56:55.397Z'
}
{
  message: 'Executing (default): DROP TABLE IF EXISTS `users`;',
  level: 'info',
  timestamp: '2024-03-26T07:56:55.398Z'
}
{
  message: 'Executing (default): PRAGMA foreign_keys = ON',
  level: 'info',
  timestamp: '2024-03-26T07:56:55.400Z'
}
{
  message: 'Executing (default): DROP TABLE IF EXISTS `entries`;',
  level: 'info',
  timestamp: '2024-03-26T07:56:55.403Z'
}
{
  message: 'Executing (default): CREATE TABLE IF NOT EXISTS `entries` (`id` INTEGER PRIMARY KEY AUTOINCREMENT, `username` VARCHAR(255) NOT NULL, `title` VARCHAR(255), `content` DATETIME NOT NULL, `imagePath` VARCHAR(255), `timestamp` DATETIME, `createdAt` DATETIME NOT NULL, `updatedAt` DATETIME NOT NULL);',
  level: 'info',
  timestamp: '2024-03-26T07:56:55.407Z'
}
{
  message: 'Executing (default): PRAGMA INDEX_LIST(`entries`)',
  level: 'info',
  timestamp: '2024-03-26T07:56:55.412Z'
}
{
  message: 'Executing (default): DROP TABLE IF EXISTS `users`;',
  level: 'info',
  timestamp: '2024-03-26T07:56:55.414Z'
}
{
  message: 'Executing (default): CREATE TABLE IF NOT EXISTS `users` (`id` INTEGER PRIMARY KEY AUTOINCREMENT, `name` VARCHAR(255) NOT NULL, `email` VARCHAR(255) NOT NULL, `password` VARCHAR(255) NOT NULL, `age` INTEGER NOT NULL, `isAdmin` INTEGER, `createdAt` DATETIME NOT NULL, `updatedAt` DATETIME NOT NULL);',
  level: 'info',
  timestamp: '2024-03-26T07:56:55.417Z'
}
{
  message: 'Executing (default): PRAGMA INDEX_LIST(`users`)',
  level: 'info',
  timestamp: '2024-03-26T07:56:55.421Z'
}
{
  message: 'Сервер запущен на порту 80 База данных синхронизирована',
  level: 'info',
  timestamp: '2024-03-26T07:56:55.422Z'
}
{
  message: 'Executing (default): DROP TABLE IF EXISTS `users`;',
  level: 'info',
  timestamp: '2024-03-26T07:58:00.006Z'
}
{
  message: 'Executing (default): DROP TABLE IF EXISTS `entries`;',
  level: 'info',
  timestamp: '2024-03-26T07:58:00.045Z'
}
{
  message: 'Executing (default): PRAGMA foreign_keys = OFF',
  level: 'info',
  timestamp: '2024-03-26T07:58:00.050Z'
}
{
  message: 'Executing (default): DROP TABLE IF EXISTS `entries`;',
  level: 'info',
  timestamp: '2024-03-26T07:58:00.051Z'
}
{
  message: 'Executing (default): DROP TABLE IF EXISTS `users`;',
  level: 'info',
  timestamp: '2024-03-26T07:58:00.052Z'
}
{
  message: 'Executing (default): PRAGMA foreign_keys = ON',
  level: 'info',
  timestamp: '2024-03-26T07:58:00.054Z'
}
{
  message: 'Executing (default): DROP TABLE IF EXISTS `entries`;',
  level: 'info',
  timestamp: '2024-03-26T07:58:00.055Z'
}
{
  message: 'Executing (default): CREATE TABLE IF NOT EXISTS `entries` (`id` INTEGER PRIMARY KEY AUTOINCREMENT, `username` VARCHAR(255) NOT NULL, `title` VARCHAR(255), `content` DATETIME NOT NULL, `imagePath` VARCHAR(255), `timestamp` DATETIME, `createdAt` DATETIME NOT NULL, `updatedAt` DATETIME NOT NULL);',
  level: 'info',
  timestamp: '2024-03-26T07:58:00.058Z'
}
{
  message: 'Executing (default): PRAGMA INDEX_LIST(`entries`)',
  level: 'info',
  timestamp: '2024-03-26T07:58:00.063Z'
}
{
  message: 'Executing (default): DROP TABLE IF EXISTS `users`;',
  level: 'info',
  timestamp: '2024-03-26T07:58:00.064Z'
}
{
  message: 'Executing (default): CREATE TABLE IF NOT EXISTS `users` (`id` INTEGER PRIMARY KEY AUTOINCREMENT, `name` VARCHAR(255) NOT NULL, `email` VARCHAR(255) NOT NULL, `password` VARCHAR(255) NOT NULL, `age` INTEGER NOT NULL, `isAdmin` INTEGER, `createdAt` DATETIME NOT NULL, `updatedAt` DATETIME NOT NULL);',
  level: 'info',
  timestamp: '2024-03-26T07:58:00.066Z'
}
{
  message: 'Executing (default): PRAGMA INDEX_LIST(`users`)',
  level: 'info',
  timestamp: '2024-03-26T07:58:00.072Z'
}
{
  message: 'Сервер запущен на порту 80 База данных синхронизирована',
  level: 'info',
  timestamp: '2024-03-26T07:58:00.078Z'
}
{
  message: 'Executing (default): DROP TABLE IF EXISTS `users`;',
  level: 'info',
  timestamp: '2024-03-26T07:58:51.686Z'
}
{
  message: 'Executing (default): DROP TABLE IF EXISTS `entries`;',
  level: 'info',
  timestamp: '2024-03-26T07:58:51.707Z'
}
{
  message: 'Executing (default): PRAGMA foreign_keys = OFF',
  level: 'info',
  timestamp: '2024-03-26T07:58:51.714Z'
}
{
  message: 'Executing (default): DROP TABLE IF EXISTS `entries`;',
  level: 'info',
  timestamp: '2024-03-26T07:58:51.715Z'
}
{
  message: 'Executing (default): DROP TABLE IF EXISTS `users`;',
  level: 'info',
  timestamp: '2024-03-26T07:58:51.717Z'
}
{
  message: 'Executing (default): PRAGMA foreign_keys = ON',
  level: 'info',
  timestamp: '2024-03-26T07:58:51.718Z'
}
{
  message: 'Executing (default): DROP TABLE IF EXISTS `entries`;',
  level: 'info',
  timestamp: '2024-03-26T07:58:51.719Z'
}
{
  message: 'Executing (default): CREATE TABLE IF NOT EXISTS `entries` (`id` INTEGER PRIMARY KEY AUTOINCREMENT, `username` VARCHAR(255) NOT NULL, `title` VARCHAR(255), `content` DATETIME NOT NULL, `imagePath` VARCHAR(255), `timestamp` DATETIME, `createdAt` DATETIME NOT NULL, `updatedAt` DATETIME NOT NULL);',
  level: 'info',
  timestamp: '2024-03-26T07:58:51.722Z'
}
{
  message: 'Executing (default): PRAGMA INDEX_LIST(`entries`)',
  level: 'info',
  timestamp: '2024-03-26T07:58:51.727Z'
}
{
  message: 'Executing (default): DROP TABLE IF EXISTS `users`;',
  level: 'info',
  timestamp: '2024-03-26T07:58:51.729Z'
}
{
  message: 'Executing (default): CREATE TABLE IF NOT EXISTS `users` (`id` INTEGER PRIMARY KEY AUTOINCREMENT, `name` VARCHAR(255) NOT NULL, `email` VARCHAR(255) NOT NULL, `password` VARCHAR(255) NOT NULL, `age` INTEGER NOT NULL, `isAdmin` INTEGER, `createdAt` DATETIME NOT NULL, `updatedAt` DATETIME NOT NULL);',
  level: 'info',
  timestamp: '2024-03-26T07:58:51.731Z'
}
{
  message: 'Executing (default): PRAGMA INDEX_LIST(`users`)',
  level: 'info',
  timestamp: '2024-03-26T07:58:51.751Z'
}
{
  message: 'Сервер запущен на порту 80 База данных синхронизирована',
  level: 'info',
  timestamp: '2024-03-26T07:58:51.755Z'
}
{
  message: 'Executing (default): DROP TABLE IF EXISTS `users`;',
  level: 'info',
  timestamp: '2024-03-26T07:59:55.494Z'
}
{
  message: 'Executing (default): DROP TABLE IF EXISTS `entries`;',
  level: 'info',
  timestamp: '2024-03-26T07:59:55.516Z'
}
{
  message: 'Executing (default): PRAGMA foreign_keys = OFF',
  level: 'info',
  timestamp: '2024-03-26T07:59:55.523Z'
}
{
  message: 'Executing (default): DROP TABLE IF EXISTS `entries`;',
  level: 'info',
  timestamp: '2024-03-26T07:59:55.525Z'
}
{
  message: 'Executing (default): DROP TABLE IF EXISTS `users`;',
  level: 'info',
  timestamp: '2024-03-26T07:59:55.530Z'
}
{
  message: 'Executing (default): PRAGMA foreign_keys = ON',
  level: 'info',
  timestamp: '2024-03-26T07:59:55.531Z'
}
{
  message: 'Executing (default): DROP TABLE IF EXISTS `entries`;',
  level: 'info',
  timestamp: '2024-03-26T07:59:55.536Z'
}
{
  message: 'Executing (default): CREATE TABLE IF NOT EXISTS `entries` (`id` INTEGER PRIMARY KEY AUTOINCREMENT, `username` VARCHAR(255) NOT NULL, `title` VARCHAR(255), `content` DATETIME NOT NULL, `imagePath` VARCHAR(255), `timestamp` DATETIME, `createdAt` DATETIME NOT NULL, `updatedAt` DATETIME NOT NULL);',
  level: 'info',
  timestamp: '2024-03-26T07:59:55.538Z'
}
{
  message: 'Executing (default): PRAGMA INDEX_LIST(`entries`)',
  level: 'info',
  timestamp: '2024-03-26T07:59:55.549Z'
}
{
  message: 'Executing (default): DROP TABLE IF EXISTS `users`;',
  level: 'info',
  timestamp: '2024-03-26T07:59:55.553Z'
}
{
  message: 'Executing (default): CREATE TABLE IF NOT EXISTS `users` (`id` INTEGER PRIMARY KEY AUTOINCREMENT, `name` VARCHAR(255) NOT NULL, `email` VARCHAR(255) NOT NULL, `password` VARCHAR(255) NOT NULL, `age` INTEGER NOT NULL, `isAdmin` INTEGER, `createdAt` DATETIME NOT NULL, `updatedAt` DATETIME NOT NULL);',
  level: 'info',
  timestamp: '2024-03-26T07:59:55.554Z'
}
{
  message: 'Executing (default): PRAGMA INDEX_LIST(`users`)',
  level: 'info',
  timestamp: '2024-03-26T07:59:55.561Z'
}
{
  message: 'Сервер запущен на порту 80 База данных синхронизирована',
  level: 'info',
  timestamp: '2024-03-26T07:59:55.562Z'
}
{
  message: 'Executing (default): DROP TABLE IF EXISTS `users`;',
  level: 'info',
  timestamp: '2024-03-26T08:02:21.317Z'
}
{
  message: 'Executing (default): DROP TABLE IF EXISTS `entries`;',
  level: 'info',
  timestamp: '2024-03-26T08:02:21.340Z'
}
{
  message: 'Executing (default): PRAGMA foreign_keys = OFF',
  level: 'info',
  timestamp: '2024-03-26T08:02:21.347Z'
}
{
  message: 'Executing (default): DROP TABLE IF EXISTS `entries`;',
  level: 'info',
  timestamp: '2024-03-26T08:02:21.350Z'
}
{
  message: 'Executing (default): DROP TABLE IF EXISTS `users`;',
  level: 'info',
  timestamp: '2024-03-26T08:02:21.351Z'
}
{
  message: 'Executing (default): PRAGMA foreign_keys = ON',
  level: 'info',
  timestamp: '2024-03-26T08:02:21.352Z'
}
{
  message: 'Executing (default): DROP TABLE IF EXISTS `entries`;',
  level: 'info',
  timestamp: '2024-03-26T08:02:21.354Z'
}
{
  message: 'Executing (default): CREATE TABLE IF NOT EXISTS `entries` (`id` INTEGER PRIMARY KEY AUTOINCREMENT, `username` VARCHAR(255) NOT NULL, `title` VARCHAR(255), `content` DATETIME NOT NULL, `imagePath` VARCHAR(255), `timestamp` DATETIME, `createdAt` DATETIME NOT NULL, `updatedAt` DATETIME NOT NULL);',
  level: 'info',
  timestamp: '2024-03-26T08:02:21.355Z'
}
{
  message: 'Executing (default): PRAGMA INDEX_LIST(`entries`)',
  level: 'info',
  timestamp: '2024-03-26T08:02:21.360Z'
}
{
  message: 'Executing (default): DROP TABLE IF EXISTS `users`;',
  level: 'info',
  timestamp: '2024-03-26T08:02:21.362Z'
}
{
  message: 'Executing (default): CREATE TABLE IF NOT EXISTS `users` (`id` INTEGER PRIMARY KEY AUTOINCREMENT, `name` VARCHAR(255) NOT NULL, `email` VARCHAR(255) NOT NULL, `password` VARCHAR(255) NOT NULL, `age` INTEGER NOT NULL, `isAdmin` INTEGER, `createdAt` DATETIME NOT NULL, `updatedAt` DATETIME NOT NULL);',
  level: 'info',
  timestamp: '2024-03-26T08:02:21.368Z'
}
{
  message: 'Executing (default): PRAGMA INDEX_LIST(`users`)',
  level: 'info',
  timestamp: '2024-03-26T08:02:21.377Z'
}
{
  message: 'Сервер запущен на порту 80 База данных синхронизирована',
  level: 'info',
  timestamp: '2024-03-26T08:02:21.379Z'
}
{
  message: 'Executing (default): DROP TABLE IF EXISTS `users`;',
  level: 'info',
  timestamp: '2024-03-26T08:03:25.584Z'
}
{
  message: 'Executing (default): DROP TABLE IF EXISTS `entries`;',
  level: 'info',
  timestamp: '2024-03-26T08:03:25.610Z'
}
{
  message: 'Executing (default): PRAGMA foreign_keys = OFF',
  level: 'info',
  timestamp: '2024-03-26T08:03:25.617Z'
}
{
  message: 'Executing (default): DROP TABLE IF EXISTS `entries`;',
  level: 'info',
  timestamp: '2024-03-26T08:03:25.618Z'
}
{
  message: 'Executing (default): DROP TABLE IF EXISTS `users`;',
  level: 'info',
  timestamp: '2024-03-26T08:03:25.619Z'
}
{
  message: 'Executing (default): PRAGMA foreign_keys = ON',
  level: 'info',
  timestamp: '2024-03-26T08:03:25.621Z'
}
{
  message: 'Executing (default): DROP TABLE IF EXISTS `entries`;',
  level: 'info',
  timestamp: '2024-03-26T08:03:25.622Z'
}
{
  message: 'Executing (default): CREATE TABLE IF NOT EXISTS `entries` (`id` INTEGER PRIMARY KEY AUTOINCREMENT, `username` VARCHAR(255) NOT NULL, `title` VARCHAR(255), `content` DATETIME NOT NULL, `imagePath` VARCHAR(255), `timestamp` DATETIME, `createdAt` DATETIME NOT NULL, `updatedAt` DATETIME NOT NULL);',
  level: 'info',
  timestamp: '2024-03-26T08:03:25.624Z'
}
{
  message: 'Executing (default): PRAGMA INDEX_LIST(`entries`)',
  level: 'info',
  timestamp: '2024-03-26T08:03:25.645Z'
}
{
  message: 'Executing (default): DROP TABLE IF EXISTS `users`;',
  level: 'info',
  timestamp: '2024-03-26T08:03:25.647Z'
}
{
  message: 'Executing (default): CREATE TABLE IF NOT EXISTS `users` (`id` INTEGER PRIMARY KEY AUTOINCREMENT, `name` VARCHAR(255) NOT NULL, `email` VARCHAR(255) NOT NULL, `password` VARCHAR(255) NOT NULL, `age` INTEGER NOT NULL, `isAdmin` INTEGER, `createdAt` DATETIME NOT NULL, `updatedAt` DATETIME NOT NULL);',
  level: 'info',
  timestamp: '2024-03-26T08:03:25.649Z'
}
{
  message: 'Executing (default): PRAGMA INDEX_LIST(`users`)',
  level: 'info',
  timestamp: '2024-03-26T08:03:25.659Z'
}
{
  message: 'Сервер запущен на порту 80 База данных синхронизирована',
  level: 'info',
  timestamp: '2024-03-26T08:03:25.660Z'
}
{
  message: 'Executing (default): DROP TABLE IF EXISTS `users`;',
  level: 'info',
  timestamp: '2024-03-26T08:10:10.586Z'
}
{
  message: 'Executing (default): DROP TABLE IF EXISTS `entries`;',
  level: 'info',
  timestamp: '2024-03-26T08:10:10.608Z'
}
{
  message: 'Executing (default): PRAGMA foreign_keys = OFF',
  level: 'info',
  timestamp: '2024-03-26T08:10:10.618Z'
}
{
  message: 'Executing (default): DROP TABLE IF EXISTS `entries`;',
  level: 'info',
  timestamp: '2024-03-26T08:10:10.619Z'
}
{
  message: 'Executing (default): DROP TABLE IF EXISTS `users`;',
  level: 'info',
  timestamp: '2024-03-26T08:10:10.620Z'
}
{
  message: 'Executing (default): PRAGMA foreign_keys = ON',
  level: 'info',
  timestamp: '2024-03-26T08:10:10.622Z'
}
{
  message: 'Executing (default): DROP TABLE IF EXISTS `entries`;',
  level: 'info',
  timestamp: '2024-03-26T08:10:10.624Z'
}
{
  message: 'Executing (default): CREATE TABLE IF NOT EXISTS `entries` (`id` INTEGER PRIMARY KEY AUTOINCREMENT, `username` VARCHAR(255) NOT NULL, `title` VARCHAR(255), `content` DATETIME NOT NULL, `imagePath` VARCHAR(255), `timestamp` DATETIME, `createdAt` DATETIME NOT NULL, `updatedAt` DATETIME NOT NULL);',
  level: 'info',
  timestamp: '2024-03-26T08:10:10.628Z'
}
{
  message: 'Executing (default): PRAGMA INDEX_LIST(`entries`)',
  level: 'info',
  timestamp: '2024-03-26T08:10:10.639Z'
}
{
  message: 'Executing (default): DROP TABLE IF EXISTS `users`;',
  level: 'info',
  timestamp: '2024-03-26T08:10:10.640Z'
}
{
  message: 'Executing (default): CREATE TABLE IF NOT EXISTS `users` (`id` INTEGER PRIMARY KEY AUTOINCREMENT, `name` VARCHAR(255) NOT NULL, `email` VARCHAR(255) NOT NULL, `password` VARCHAR(255) NOT NULL, `age` INTEGER NOT NULL, `isAdmin` INTEGER, `createdAt` DATETIME NOT NULL, `updatedAt` DATETIME NOT NULL);',
  level: 'info',
  timestamp: '2024-03-26T08:10:10.649Z'
}
{
  message: 'Executing (default): PRAGMA INDEX_LIST(`users`)',
  level: 'info',
  timestamp: '2024-03-26T08:10:10.663Z'
}
{
  message: 'Сервер запущен на порту 80 База данных синхронизирована',
  level: 'info',
  timestamp: '2024-03-26T08:10:10.670Z'
}
{
  message: 'Executing (default): DROP TABLE IF EXISTS `users`;',
  level: 'info',
  timestamp: '2024-03-26T08:15:07.805Z'
}
{
  message: 'Executing (default): DROP TABLE IF EXISTS `entries`;',
  level: 'info',
  timestamp: '2024-03-26T08:15:07.828Z'
}
{
  message: 'Executing (default): PRAGMA foreign_keys = OFF',
  level: 'info',
  timestamp: '2024-03-26T08:15:07.839Z'
}
{
  message: 'Executing (default): DROP TABLE IF EXISTS `entries`;',
  level: 'info',
  timestamp: '2024-03-26T08:15:07.840Z'
}
{
  message: 'Executing (default): DROP TABLE IF EXISTS `users`;',
  level: 'info',
  timestamp: '2024-03-26T08:15:07.841Z'
}
{
  message: 'Executing (default): PRAGMA foreign_keys = ON',
  level: 'info',
  timestamp: '2024-03-26T08:15:07.850Z'
}
{
  message: 'Executing (default): DROP TABLE IF EXISTS `entries`;',
  level: 'info',
  timestamp: '2024-03-26T08:15:07.852Z'
}
{
  message: 'Executing (default): CREATE TABLE IF NOT EXISTS `entries` (`id` INTEGER PRIMARY KEY AUTOINCREMENT, `username` VARCHAR(255) NOT NULL, `title` VARCHAR(255), `content` DATETIME NOT NULL, `imagePath` VARCHAR(255), `timestamp` DATETIME, `createdAt` DATETIME NOT NULL, `updatedAt` DATETIME NOT NULL);',
  level: 'info',
  timestamp: '2024-03-26T08:15:07.854Z'
}
{
  message: 'Executing (default): PRAGMA INDEX_LIST(`entries`)',
  level: 'info',
  timestamp: '2024-03-26T08:15:07.867Z'
}
{
  message: 'Executing (default): DROP TABLE IF EXISTS `users`;',
  level: 'info',
  timestamp: '2024-03-26T08:15:07.868Z'
}
{
  message: 'Executing (default): CREATE TABLE IF NOT EXISTS `users` (`id` INTEGER PRIMARY KEY AUTOINCREMENT, `name` VARCHAR(255) NOT NULL, `email` VARCHAR(255) NOT NULL, `password` VARCHAR(255) NOT NULL, `age` INTEGER NOT NULL, `isAdmin` INTEGER, `createdAt` DATETIME NOT NULL, `updatedAt` DATETIME NOT NULL);',
  level: 'info',
  timestamp: '2024-03-26T08:15:07.870Z'
}
{
  message: 'Executing (default): PRAGMA INDEX_LIST(`users`)',
  level: 'info',
  timestamp: '2024-03-26T08:15:07.878Z'
}
{
  message: 'Сервер запущен на порту 80 База данных синхронизирована',
  level: 'info',
  timestamp: '2024-03-26T08:15:07.879Z'
}
{
  message: 'Executing (default): DROP TABLE IF EXISTS `users`;',
  level: 'info',
  timestamp: '2024-03-26T08:16:35.913Z'
}
{
  message: 'Executing (default): DROP TABLE IF EXISTS `entries`;',
  level: 'info',
  timestamp: '2024-03-26T08:16:35.961Z'
}
{
  message: 'Executing (default): PRAGMA foreign_keys = OFF',
  level: 'info',
  timestamp: '2024-03-26T08:16:35.975Z'
}
{
  message: 'Executing (default): DROP TABLE IF EXISTS `entries`;',
  level: 'info',
  timestamp: '2024-03-26T08:16:35.976Z'
}
{
  message: 'Executing (default): DROP TABLE IF EXISTS `users`;',
  level: 'info',
  timestamp: '2024-03-26T08:16:35.977Z'
}
{
  message: 'Executing (default): PRAGMA foreign_keys = ON',
  level: 'info',
  timestamp: '2024-03-26T08:16:35.978Z'
}
{
  message: 'Executing (default): DROP TABLE IF EXISTS `entries`;',
  level: 'info',
  timestamp: '2024-03-26T08:16:35.979Z'
}
{
  message: 'Executing (default): CREATE TABLE IF NOT EXISTS `entries` (`id` INTEGER PRIMARY KEY AUTOINCREMENT, `username` VARCHAR(255) NOT NULL, `title` VARCHAR(255), `content` DATETIME NOT NULL, `imagePath` VARCHAR(255), `timestamp` DATETIME, `createdAt` DATETIME NOT NULL, `updatedAt` DATETIME NOT NULL);',
  level: 'info',
  timestamp: '2024-03-26T08:16:35.981Z'
}
{
  message: 'Executing (default): PRAGMA INDEX_LIST(`entries`)',
  level: 'info',
  timestamp: '2024-03-26T08:16:35.999Z'
}
{
  message: 'Executing (default): DROP TABLE IF EXISTS `users`;',
  level: 'info',
  timestamp: '2024-03-26T08:16:36.001Z'
}
{
  message: 'Executing (default): CREATE TABLE IF NOT EXISTS `users` (`id` INTEGER PRIMARY KEY AUTOINCREMENT, `name` VARCHAR(255) NOT NULL, `email` VARCHAR(255) NOT NULL, `password` VARCHAR(255) NOT NULL, `age` INTEGER NOT NULL, `isAdmin` INTEGER, `createdAt` DATETIME NOT NULL, `updatedAt` DATETIME NOT NULL);',
  level: 'info',
  timestamp: '2024-03-26T08:16:36.007Z'
}
{
  message: 'Executing (default): PRAGMA INDEX_LIST(`users`)',
  level: 'info',
  timestamp: '2024-03-26T08:16:36.037Z'
}
{
  message: 'Сервер запущен на порту 80 База данных синхронизирована',
  level: 'info',
  timestamp: '2024-03-26T08:16:36.039Z'
}
{
  message: 'Executing (default): DROP TABLE IF EXISTS `users`;',
  level: 'info',
  timestamp: '2024-03-26T08:25:22.437Z'
}
{
  message: 'Executing (default): DROP TABLE IF EXISTS `entries`;',
  level: 'info',
  timestamp: '2024-03-26T08:25:22.459Z'
}
{
  message: 'Executing (default): PRAGMA foreign_keys = OFF',
  level: 'info',
  timestamp: '2024-03-26T08:25:22.465Z'
}
{
  message: 'Executing (default): DROP TABLE IF EXISTS `entries`;',
  level: 'info',
  timestamp: '2024-03-26T08:25:22.467Z'
}
{
  message: 'Executing (default): DROP TABLE IF EXISTS `users`;',
  level: 'info',
  timestamp: '2024-03-26T08:25:22.469Z'
}
{
  message: 'Executing (default): PRAGMA foreign_keys = ON',
  level: 'info',
  timestamp: '2024-03-26T08:25:22.470Z'
}
{
  message: 'Executing (default): DROP TABLE IF EXISTS `entries`;',
  level: 'info',
  timestamp: '2024-03-26T08:25:22.473Z'
}
{
  message: 'Executing (default): CREATE TABLE IF NOT EXISTS `entries` (`id` INTEGER PRIMARY KEY AUTOINCREMENT, `username` VARCHAR(255) NOT NULL, `title` VARCHAR(255), `content` DATETIME NOT NULL, `imagePath` VARCHAR(255), `timestamp` DATETIME, `createdAt` DATETIME NOT NULL, `updatedAt` DATETIME NOT NULL);',
  level: 'info',
  timestamp: '2024-03-26T08:25:22.475Z'
}
{
  message: 'Executing (default): PRAGMA INDEX_LIST(`entries`)',
  level: 'info',
  timestamp: '2024-03-26T08:25:22.482Z'
}
{
  message: 'Executing (default): DROP TABLE IF EXISTS `users`;',
  level: 'info',
  timestamp: '2024-03-26T08:25:22.483Z'
}
{
  message: 'Executing (default): CREATE TABLE IF NOT EXISTS `users` (`id` INTEGER PRIMARY KEY AUTOINCREMENT, `name` VARCHAR(255) NOT NULL, `email` VARCHAR(255) NOT NULL, `password` VARCHAR(255) NOT NULL, `age` INTEGER NOT NULL, `isAdmin` INTEGER, `createdAt` DATETIME NOT NULL, `updatedAt` DATETIME NOT NULL);',
  level: 'info',
  timestamp: '2024-03-26T08:25:22.485Z'
}
{
  message: 'Executing (default): PRAGMA INDEX_LIST(`users`)',
  level: 'info',
  timestamp: '2024-03-26T08:25:22.495Z'
}
{
  message: 'Сервер запущен на порту 80 База данных синхронизирована',
  level: 'info',
  timestamp: '2024-03-26T08:25:22.496Z'
}
{
  message: 'Executing (default): DROP TABLE IF EXISTS `users`;',
  level: 'info',
  timestamp: '2024-03-26T08:27:55.952Z'
}
{
  message: 'Executing (default): DROP TABLE IF EXISTS `entries`;',
  level: 'info',
  timestamp: '2024-03-26T08:27:55.979Z'
}
{
  message: 'Executing (default): PRAGMA foreign_keys = OFF',
  level: 'info',
  timestamp: '2024-03-26T08:27:55.986Z'
}
{
  message: 'Executing (default): DROP TABLE IF EXISTS `entries`;',
  level: 'info',
  timestamp: '2024-03-26T08:27:55.992Z'
}
{
  message: 'Executing (default): DROP TABLE IF EXISTS `users`;',
  level: 'info',
  timestamp: '2024-03-26T08:27:55.993Z'
}
{
  message: 'Executing (default): PRAGMA foreign_keys = ON',
  level: 'info',
  timestamp: '2024-03-26T08:27:55.994Z'
}
{
  message: 'Executing (default): DROP TABLE IF EXISTS `entries`;',
  level: 'info',
  timestamp: '2024-03-26T08:27:55.996Z'
}
{
  message: 'Executing (default): CREATE TABLE IF NOT EXISTS `entries` (`id` INTEGER PRIMARY KEY AUTOINCREMENT, `username` VARCHAR(255) NOT NULL, `title` VARCHAR(255), `content` DATETIME NOT NULL, `imagePath` VARCHAR(255), `timestamp` DATETIME, `createdAt` DATETIME NOT NULL, `updatedAt` DATETIME NOT NULL);',
  level: 'info',
  timestamp: '2024-03-26T08:27:55.999Z'
}
{
  message: 'Executing (default): PRAGMA INDEX_LIST(`entries`)',
  level: 'info',
  timestamp: '2024-03-26T08:27:56.020Z'
}
{
  message: 'Executing (default): DROP TABLE IF EXISTS `users`;',
  level: 'info',
  timestamp: '2024-03-26T08:27:56.022Z'
}
{
  message: 'Executing (default): CREATE TABLE IF NOT EXISTS `users` (`id` INTEGER PRIMARY KEY AUTOINCREMENT, `name` VARCHAR(255) NOT NULL, `email` VARCHAR(255) NOT NULL, `password` VARCHAR(255) NOT NULL, `age` INTEGER NOT NULL, `isAdmin` INTEGER, `createdAt` DATETIME NOT NULL, `updatedAt` DATETIME NOT NULL);',
  level: 'info',
  timestamp: '2024-03-26T08:27:56.023Z'
}
{
  message: 'Executing (default): PRAGMA INDEX_LIST(`users`)',
  level: 'info',
  timestamp: '2024-03-26T08:27:56.030Z'
}
{
  message: 'Сервер запущен на порту 80 База данных синхронизирована',
  level: 'info',
  timestamp: '2024-03-26T08:27:56.036Z'
}
{
  message: 'Executing (default): DROP TABLE IF EXISTS `users`;',
  level: 'info',
  timestamp: '2024-03-26T08:28:36.779Z'
}
{
  message: 'Executing (default): DROP TABLE IF EXISTS `entries`;',
  level: 'info',
  timestamp: '2024-03-26T08:28:36.805Z'
}
{
  message: 'Executing (default): PRAGMA foreign_keys = OFF',
  level: 'info',
  timestamp: '2024-03-26T08:28:36.811Z'
}
{
  message: 'Executing (default): DROP TABLE IF EXISTS `entries`;',
  level: 'info',
  timestamp: '2024-03-26T08:28:36.812Z'
}
{
  message: 'Executing (default): DROP TABLE IF EXISTS `users`;',
  level: 'info',
  timestamp: '2024-03-26T08:28:36.814Z'
}
{
  message: 'Executing (default): PRAGMA foreign_keys = ON',
  level: 'info',
  timestamp: '2024-03-26T08:28:36.815Z'
}
{
  message: 'Executing (default): DROP TABLE IF EXISTS `entries`;',
  level: 'info',
  timestamp: '2024-03-26T08:28:36.817Z'
}
{
  message: 'Executing (default): CREATE TABLE IF NOT EXISTS `entries` (`id` INTEGER PRIMARY KEY AUTOINCREMENT, `username` VARCHAR(255) NOT NULL, `title` VARCHAR(255), `content` DATETIME NOT NULL, `imagePath` VARCHAR(255), `timestamp` DATETIME, `createdAt` DATETIME NOT NULL, `updatedAt` DATETIME NOT NULL);',
  level: 'info',
  timestamp: '2024-03-26T08:28:36.819Z'
}
{
  message: 'Executing (default): PRAGMA INDEX_LIST(`entries`)',
  level: 'info',
  timestamp: '2024-03-26T08:28:36.825Z'
}
{
  message: 'Executing (default): DROP TABLE IF EXISTS `users`;',
  level: 'info',
  timestamp: '2024-03-26T08:28:36.827Z'
}
{
  message: 'Executing (default): CREATE TABLE IF NOT EXISTS `users` (`id` INTEGER PRIMARY KEY AUTOINCREMENT, `name` VARCHAR(255) NOT NULL, `email` VARCHAR(255) NOT NULL, `password` VARCHAR(255) NOT NULL, `age` INTEGER NOT NULL, `isAdmin` INTEGER, `createdAt` DATETIME NOT NULL, `updatedAt` DATETIME NOT NULL);',
  level: 'info',
  timestamp: '2024-03-26T08:28:36.829Z'
}
{
  message: 'Executing (default): PRAGMA INDEX_LIST(`users`)',
  level: 'info',
  timestamp: '2024-03-26T08:28:36.834Z'
}
{
  message: 'Сервер запущен на порту 80 База данных синхронизирована',
  level: 'info',
  timestamp: '2024-03-26T08:28:36.836Z'
}
{
  message: 'Executing (default): DROP TABLE IF EXISTS `users`;',
  level: 'info',
  timestamp: '2024-03-26T08:28:50.857Z'
}
{
  message: 'Executing (default): DROP TABLE IF EXISTS `entries`;',
  level: 'info',
  timestamp: '2024-03-26T08:28:50.881Z'
}
{
  message: 'Executing (default): PRAGMA foreign_keys = OFF',
  level: 'info',
  timestamp: '2024-03-26T08:28:50.888Z'
}
{
  message: 'Executing (default): DROP TABLE IF EXISTS `entries`;',
  level: 'info',
  timestamp: '2024-03-26T08:28:50.890Z'
}
{
  message: 'Executing (default): DROP TABLE IF EXISTS `users`;',
  level: 'info',
  timestamp: '2024-03-26T08:28:50.892Z'
}
{
  message: 'Executing (default): PRAGMA foreign_keys = ON',
  level: 'info',
  timestamp: '2024-03-26T08:28:50.893Z'
}
{
  message: 'Executing (default): DROP TABLE IF EXISTS `entries`;',
  level: 'info',
  timestamp: '2024-03-26T08:28:50.894Z'
}
{
  message: 'Executing (default): CREATE TABLE IF NOT EXISTS `entries` (`id` INTEGER PRIMARY KEY AUTOINCREMENT, `username` VARCHAR(255) NOT NULL, `title` VARCHAR(255), `content` DATETIME NOT NULL, `imagePath` VARCHAR(255), `timestamp` DATETIME, `createdAt` DATETIME NOT NULL, `updatedAt` DATETIME NOT NULL);',
  level: 'info',
  timestamp: '2024-03-26T08:28:50.896Z'
}
{
  message: 'Executing (default): PRAGMA INDEX_LIST(`entries`)',
  level: 'info',
  timestamp: '2024-03-26T08:28:50.901Z'
}
{
  message: 'Executing (default): DROP TABLE IF EXISTS `users`;',
  level: 'info',
  timestamp: '2024-03-26T08:28:50.902Z'
}
{
  message: 'Executing (default): CREATE TABLE IF NOT EXISTS `users` (`id` INTEGER PRIMARY KEY AUTOINCREMENT, `name` VARCHAR(255) NOT NULL, `email` VARCHAR(255) NOT NULL, `password` VARCHAR(255) NOT NULL, `age` INTEGER NOT NULL, `isAdmin` INTEGER, `createdAt` DATETIME NOT NULL, `updatedAt` DATETIME NOT NULL);',
  level: 'info',
  timestamp: '2024-03-26T08:28:50.904Z'
}
{
  message: 'Executing (default): PRAGMA INDEX_LIST(`users`)',
  level: 'info',
  timestamp: '2024-03-26T08:28:50.911Z'
}
{
  message: 'Сервер запущен на порту 80 База данных синхронизирована',
  level: 'info',
  timestamp: '2024-03-26T08:28:50.912Z'
}
{
  message: 'Executing (default): DROP TABLE IF EXISTS `users`;',
  level: 'info',
  timestamp: '2024-03-26T08:29:06.589Z'
}
{
  message: 'Executing (default): DROP TABLE IF EXISTS `entries`;',
  level: 'info',
  timestamp: '2024-03-26T08:29:06.609Z'
}
{
  message: 'Executing (default): PRAGMA foreign_keys = OFF',
  level: 'info',
  timestamp: '2024-03-26T08:29:06.618Z'
}
{
  message: 'Executing (default): DROP TABLE IF EXISTS `entries`;',
  level: 'info',
  timestamp: '2024-03-26T08:29:06.620Z'
}
{
  message: 'Executing (default): DROP TABLE IF EXISTS `users`;',
  level: 'info',
  timestamp: '2024-03-26T08:29:06.621Z'
}
{
  message: 'Executing (default): PRAGMA foreign_keys = ON',
  level: 'info',
  timestamp: '2024-03-26T08:29:06.622Z'
}
{
  message: 'Executing (default): DROP TABLE IF EXISTS `entries`;',
  level: 'info',
  timestamp: '2024-03-26T08:29:06.624Z'
}
{
  message: 'Executing (default): CREATE TABLE IF NOT EXISTS `entries` (`id` INTEGER PRIMARY KEY AUTOINCREMENT, `username` VARCHAR(255) NOT NULL, `title` VARCHAR(255), `content` DATETIME NOT NULL, `imagePath` VARCHAR(255), `timestamp` DATETIME, `createdAt` DATETIME NOT NULL, `updatedAt` DATETIME NOT NULL);',
  level: 'info',
  timestamp: '2024-03-26T08:29:06.629Z'
}
{
  message: 'Executing (default): PRAGMA INDEX_LIST(`entries`)',
  level: 'info',
  timestamp: '2024-03-26T08:29:06.642Z'
}
{
  message: 'Executing (default): DROP TABLE IF EXISTS `users`;',
  level: 'info',
  timestamp: '2024-03-26T08:29:06.645Z'
}
{
  message: 'Executing (default): CREATE TABLE IF NOT EXISTS `users` (`id` INTEGER PRIMARY KEY AUTOINCREMENT, `name` VARCHAR(255) NOT NULL, `email` VARCHAR(255) NOT NULL, `password` VARCHAR(255) NOT NULL, `age` INTEGER NOT NULL, `isAdmin` INTEGER, `createdAt` DATETIME NOT NULL, `updatedAt` DATETIME NOT NULL);',
  level: 'info',
  timestamp: '2024-03-26T08:29:06.647Z'
}
{
  message: 'Executing (default): PRAGMA INDEX_LIST(`users`)',
  level: 'info',
  timestamp: '2024-03-26T08:29:06.660Z'
}
{
  message: 'Сервер запущен на порту 80 База данных синхронизирована',
  level: 'info',
  timestamp: '2024-03-26T08:29:06.665Z'
}
{
  message: 'Executing (default): DROP TABLE IF EXISTS `users`;',
  level: 'info',
  timestamp: '2024-03-26T08:29:10.866Z'
}
{
  message: 'Executing (default): DROP TABLE IF EXISTS `entries`;',
  level: 'info',
  timestamp: '2024-03-26T08:29:10.885Z'
}
{
  message: 'Executing (default): PRAGMA foreign_keys = OFF',
  level: 'info',
  timestamp: '2024-03-26T08:29:10.891Z'
}
{
  message: 'Executing (default): DROP TABLE IF EXISTS `entries`;',
  level: 'info',
  timestamp: '2024-03-26T08:29:10.893Z'
}
{
  message: 'Executing (default): DROP TABLE IF EXISTS `users`;',
  level: 'info',
  timestamp: '2024-03-26T08:29:10.894Z'
}
{
  message: 'Executing (default): PRAGMA foreign_keys = ON',
  level: 'info',
  timestamp: '2024-03-26T08:29:10.895Z'
}
{
  message: 'Executing (default): DROP TABLE IF EXISTS `entries`;',
  level: 'info',
  timestamp: '2024-03-26T08:29:10.896Z'
}
{
  message: 'Executing (default): CREATE TABLE IF NOT EXISTS `entries` (`id` INTEGER PRIMARY KEY AUTOINCREMENT, `username` VARCHAR(255) NOT NULL, `title` VARCHAR(255), `content` DATETIME NOT NULL, `imagePath` VARCHAR(255), `timestamp` DATETIME, `createdAt` DATETIME NOT NULL, `updatedAt` DATETIME NOT NULL);',
  level: 'info',
  timestamp: '2024-03-26T08:29:10.898Z'
}
{
  message: 'Executing (default): PRAGMA INDEX_LIST(`entries`)',
  level: 'info',
  timestamp: '2024-03-26T08:29:10.903Z'
}
{
  message: 'Executing (default): DROP TABLE IF EXISTS `users`;',
  level: 'info',
  timestamp: '2024-03-26T08:29:10.905Z'
}
{
  message: 'Executing (default): CREATE TABLE IF NOT EXISTS `users` (`id` INTEGER PRIMARY KEY AUTOINCREMENT, `name` VARCHAR(255) NOT NULL, `email` VARCHAR(255) NOT NULL, `password` VARCHAR(255) NOT NULL, `age` INTEGER NOT NULL, `isAdmin` INTEGER, `createdAt` DATETIME NOT NULL, `updatedAt` DATETIME NOT NULL);',
  level: 'info',
  timestamp: '2024-03-26T08:29:10.907Z'
}
{
  message: 'Executing (default): PRAGMA INDEX_LIST(`users`)',
  level: 'info',
  timestamp: '2024-03-26T08:29:10.912Z'
}
{
  message: 'Сервер запущен на порту 80 База данных синхронизирована',
  level: 'info',
  timestamp: '2024-03-26T08:29:10.913Z'
}
{
  message: 'Executing (default): DROP TABLE IF EXISTS `users`;',
  level: 'info',
  timestamp: '2024-03-26T08:29:31.381Z'
}
{
  message: 'Executing (default): DROP TABLE IF EXISTS `entries`;',
  level: 'info',
  timestamp: '2024-03-26T08:29:31.408Z'
}
{
  message: 'Executing (default): PRAGMA foreign_keys = OFF',
  level: 'info',
  timestamp: '2024-03-26T08:29:31.415Z'
}
{
  message: 'Executing (default): DROP TABLE IF EXISTS `entries`;',
  level: 'info',
  timestamp: '2024-03-26T08:29:31.417Z'
}
{
  message: 'Executing (default): DROP TABLE IF EXISTS `users`;',
  level: 'info',
  timestamp: '2024-03-26T08:29:31.419Z'
}
{
  message: 'Executing (default): PRAGMA foreign_keys = ON',
  level: 'info',
  timestamp: '2024-03-26T08:29:31.421Z'
}
{
  message: 'Executing (default): DROP TABLE IF EXISTS `entries`;',
  level: 'info',
  timestamp: '2024-03-26T08:29:31.423Z'
}
{
  message: 'Executing (default): CREATE TABLE IF NOT EXISTS `entries` (`id` INTEGER PRIMARY KEY AUTOINCREMENT, `username` VARCHAR(255) NOT NULL, `title` VARCHAR(255), `content` DATETIME NOT NULL, `imagePath` VARCHAR(255), `timestamp` DATETIME, `createdAt` DATETIME NOT NULL, `updatedAt` DATETIME NOT NULL);',
  level: 'info',
  timestamp: '2024-03-26T08:29:31.426Z'
}
{
  message: 'Executing (default): PRAGMA INDEX_LIST(`entries`)',
  level: 'info',
  timestamp: '2024-03-26T08:29:31.432Z'
}
{
  message: 'Executing (default): DROP TABLE IF EXISTS `users`;',
  level: 'info',
  timestamp: '2024-03-26T08:29:31.434Z'
}
{
  message: 'Executing (default): CREATE TABLE IF NOT EXISTS `users` (`id` INTEGER PRIMARY KEY AUTOINCREMENT, `name` VARCHAR(255) NOT NULL, `email` VARCHAR(255) NOT NULL, `password` VARCHAR(255) NOT NULL, `age` INTEGER NOT NULL, `isAdmin` INTEGER, `createdAt` DATETIME NOT NULL, `updatedAt` DATETIME NOT NULL);',
  level: 'info',
  timestamp: '2024-03-26T08:29:31.436Z'
}
{
  message: 'Executing (default): PRAGMA INDEX_LIST(`users`)',
  level: 'info',
  timestamp: '2024-03-26T08:29:31.448Z'
}
{
  message: 'Сервер запущен на порту 80 База данных синхронизирована',
  level: 'info',
  timestamp: '2024-03-26T08:29:31.449Z'
}
{
  message: 'Executing (default): DROP TABLE IF EXISTS `users`;',
  level: 'info',
  timestamp: '2024-03-26T08:30:16.280Z'
}
{
  message: 'Executing (default): DROP TABLE IF EXISTS `entries`;',
  level: 'info',
  timestamp: '2024-03-26T08:30:16.308Z'
}
{
  message: 'Executing (default): PRAGMA foreign_keys = OFF',
  level: 'info',
  timestamp: '2024-03-26T08:30:16.315Z'
}
{
  message: 'Executing (default): DROP TABLE IF EXISTS `entries`;',
  level: 'info',
  timestamp: '2024-03-26T08:30:16.316Z'
}
{
  message: 'Executing (default): DROP TABLE IF EXISTS `users`;',
  level: 'info',
  timestamp: '2024-03-26T08:30:16.317Z'
}
{
  message: 'Executing (default): PRAGMA foreign_keys = ON',
  level: 'info',
  timestamp: '2024-03-26T08:30:16.318Z'
}
{
  message: 'Executing (default): DROP TABLE IF EXISTS `entries`;',
  level: 'info',
  timestamp: '2024-03-26T08:30:16.320Z'
}
{
  message: 'Executing (default): CREATE TABLE IF NOT EXISTS `entries` (`id` INTEGER PRIMARY KEY AUTOINCREMENT, `username` VARCHAR(255) NOT NULL, `title` VARCHAR(255), `content` DATETIME NOT NULL, `imagePath` VARCHAR(255), `timestamp` DATETIME, `createdAt` DATETIME NOT NULL, `updatedAt` DATETIME NOT NULL);',
  level: 'info',
  timestamp: '2024-03-26T08:30:16.322Z'
}
{
  message: 'Executing (default): PRAGMA INDEX_LIST(`entries`)',
  level: 'info',
  timestamp: '2024-03-26T08:30:16.327Z'
}
{
  message: 'Executing (default): DROP TABLE IF EXISTS `users`;',
  level: 'info',
  timestamp: '2024-03-26T08:30:16.330Z'
}
{
  message: 'Executing (default): CREATE TABLE IF NOT EXISTS `users` (`id` INTEGER PRIMARY KEY AUTOINCREMENT, `name` VARCHAR(255) NOT NULL, `email` VARCHAR(255) NOT NULL, `password` VARCHAR(255) NOT NULL, `age` INTEGER NOT NULL, `isAdmin` INTEGER, `createdAt` DATETIME NOT NULL, `updatedAt` DATETIME NOT NULL);',
  level: 'info',
  timestamp: '2024-03-26T08:30:16.332Z'
}
{
  message: 'Executing (default): PRAGMA INDEX_LIST(`users`)',
  level: 'info',
  timestamp: '2024-03-26T08:30:16.338Z'
}
{
  message: 'Сервер запущен на порту 80 База данных синхронизирована',
  level: 'info',
  timestamp: '2024-03-26T08:30:16.339Z'
}
{
  message: 'Executing (default): DROP TABLE IF EXISTS `users`;',
  level: 'info',
  timestamp: '2024-03-26T08:31:22.800Z'
}
{
  message: 'Executing (default): DROP TABLE IF EXISTS `entries`;',
  level: 'info',
  timestamp: '2024-03-26T08:31:22.829Z'
}
{
  message: 'Executing (default): PRAGMA foreign_keys = OFF',
  level: 'info',
  timestamp: '2024-03-26T08:31:22.842Z'
}
{
  message: 'Executing (default): DROP TABLE IF EXISTS `entries`;',
  level: 'info',
  timestamp: '2024-03-26T08:31:22.843Z'
}
{
  message: 'Executing (default): DROP TABLE IF EXISTS `users`;',
  level: 'info',
  timestamp: '2024-03-26T08:31:22.845Z'
}
{
  message: 'Executing (default): PRAGMA foreign_keys = ON',
  level: 'info',
  timestamp: '2024-03-26T08:31:22.846Z'
}
{
  message: 'Executing (default): DROP TABLE IF EXISTS `entries`;',
  level: 'info',
  timestamp: '2024-03-26T08:31:22.848Z'
}
{
  message: 'Executing (default): CREATE TABLE IF NOT EXISTS `entries` (`id` INTEGER PRIMARY KEY AUTOINCREMENT, `username` VARCHAR(255) NOT NULL, `title` VARCHAR(255), `content` DATETIME NOT NULL, `imagePath` VARCHAR(255), `timestamp` DATETIME, `createdAt` DATETIME NOT NULL, `updatedAt` DATETIME NOT NULL);',
  level: 'info',
  timestamp: '2024-03-26T08:31:22.850Z'
}
{
  message: 'Executing (default): PRAGMA INDEX_LIST(`entries`)',
  level: 'info',
  timestamp: '2024-03-26T08:31:22.867Z'
}
{
  message: 'Executing (default): DROP TABLE IF EXISTS `users`;',
  level: 'info',
  timestamp: '2024-03-26T08:31:22.869Z'
}
{
  message: 'Executing (default): CREATE TABLE IF NOT EXISTS `users` (`id` INTEGER PRIMARY KEY AUTOINCREMENT, `name` VARCHAR(255) NOT NULL, `email` VARCHAR(255) NOT NULL, `password` VARCHAR(255) NOT NULL, `age` INTEGER NOT NULL, `isAdmin` INTEGER, `createdAt` DATETIME NOT NULL, `updatedAt` DATETIME NOT NULL);',
  level: 'info',
  timestamp: '2024-03-26T08:31:22.870Z'
}
{
  message: 'Executing (default): PRAGMA INDEX_LIST(`users`)',
  level: 'info',
  timestamp: '2024-03-26T08:31:22.882Z'
}
{
  message: 'Сервер запущен на порту 80 База данных синхронизирована',
  level: 'info',
  timestamp: '2024-03-26T08:31:22.883Z'
}
